{"meta": {"format": 3, "version": "7.15.4", "timestamp": "2026-08-18T05:44:34.361914", "branch_coverage": false, "show_contexts": false}, "files": {"rosetta/__init__.py": {"executed_lines": [3, 6, 7, 16, 17, 19, 20, 21, 25, 26, 27, 28, 29, 30, 31, 32, 33, 34, 35, 36, 37, 38, 39, 41, 44, 49, 64, 65, 66, 67, 69, 83, 84, 85, 86, 89, 94, 95, 96, 98, 103, 104, 105, 106, 107, 109, 126, 128, 129, 130, 134, 150, 152, 153, 154, 155, 156, 161, 162, 163, 167], "summary": {"covered_lines": 61, "num_statements": 70, "percent_covered": 87.14285714285714, "percent_covered_display": "87", "missing_lines": 9, "excluded_lines": 0, "percent_statements_covered": 87.14285714285714, "percent_statements_covered_display": "87"}, "missing_lines": [8, 9, 10, 22, 23, 42, 45, 131, 157], "excluded_lines": [], "functions": {"enrich_go": {"executed_lines": [], "summary": {"covered_lines": 0, "num_statements": 1, "percent_covered": 0.0, "percent_covered_display": "0", "missing_lines": 1, "excluded_lines": 0, "percent_statements_covered": 0.0, "percent_statements_covered_display": "0"}, "missing_lines": [42], "excluded_lines": [], "start_line": 41}, "enrich_kegg": {"executed_lines": [], "summary": {"covered_lines": 0, "num_statements": 1, "percent_covered": 0.0, "percent_covered_display": "0", "missing_lines": 1, "excluded_lines": 0, "percent_statements_covered": 0.0, "percent_statements_covered_display": "0"}, "missing_lines": [45], "excluded_lines": [], "start_line": 44}, "quick_deseq2": {"executed_lines": [64, 65, 66, 67], "summary": {"covered_lines": 4, "num_statements": 4, "percent_covered": 100.0, "percent_covered_display": "100", "missing_lines": 0, "excluded_lines": 0, "percent_statements_covered": 100.0, "percent_statements_covered_display": "100"}, "missing_lines": [], "excluded_lines": [], "start_line": 49}, "quick_edger": {"executed_lines": [83, 84, 85, 86], "summary": {"covered_lines": 4, "num_statements": 4, "percent_covered": 100.0, "percent_covered_display": "100", "missing_lines": 0, "excluded_lines": 0, "percent_statements_covered": 100.0, "percent_statements_covered_display": "100"}, "missing_lines": [], "excluded_lines": [], "start_line": 69}, "quick_seurat": {"executed_lines": [94, 95, 96], "summary": {"covered_lines": 3, "num_statements": 3, "percent_covered": 100.0, "percent_covered_display": "100", "missing_lines": 0, "excluded_lines": 0, "percent_statements_covered": 100.0, "percent_statements_covered_display": "100"}, "missing_lines": [], "excluded_lines": [], "start_line": 89}, "quick_phyloseq": {"executed_lines": [103, 104, 105, 106, 107], "summary": {"covered_lines": 5, "num_statements": 5, "percent_covered": 100.0, "percent_covered_display": "100", "missing_lines": 0, "excluded_lines": 0, "percent_statements_covered": 100.0, "percent_statements_covered_display": "100"}, "missing_lines": [], "excluded_lines": [], "start_line": 98}, "quick_locate_variants": {"executed_lines": [126, 128, 129, 130], "summary": {"covered_lines": 4, "num_statements": 5, "percent_covered": 80.0, "percent_covered_display": "80", "missing_lines": 1, "excluded_lines": 0, "percent_statements_covered": 80.0, "percent_statements_covered_display": "80"}, "missing_lines": [131], "excluded_lines": [], "start_line": 109}, "quick_predict_coding": {"executed_lines": [150, 152, 153, 154, 155, 156], "summary": {"covered_lines": 6, "num_statements": 7, "percent_covered": 85.71428571428571, "percent_covered_display": "86", "missing_lines": 1, "excluded_lines": 0, "percent_statements_covered": 85.71428571428571, "percent_statements_covered_display": "86"}, "missing_lines": [157], "excluded_lines": [], "start_line": 134}, "": {"executed_lines": [3, 6, 7, 16, 17, 19, 20, 21, 25, 26, 27, 28, 29, 30, 31, 32, 33, 34, 35, 36, 37, 38, 39, 41, 44, 49, 69, 89, 98, 109, 134, 161, 162, 163, 167], "summary": {"covered_lines": 35, "num_statements": 40, "percent_covered": 87.5, "percent_covered_display": "88", "missing_lines": 5, "excluded_lines": 0, "percent_statements_covered": 87.5, "percent_statements_covered_display": "88"}, "missing_lines": [8, 9, 10, 22, 23], "excluded_lines": [], "start_line": 1}}, "classes": {"": {"executed_lines": [3, 6, 7, 16, 17, 19, 20, 21, 25, 26, 27, 28, 29, 30, 31, 32, 33, 34, 35, 36, 37, 38, 39, 41, 44, 49, 64, 65, 66, 67, 69, 83, 84, 85, 86, 89, 94, 95, 96, 98, 103, 104, 105, 106, 107, 109, 126, 128, 129, 130, 134, 150, 152, 153, 154, 155, 156, 161, 162, 163, 167], "summary": {"covered_lines": 61, "num_statements": 70, "percent_covered": 87.14285714285714, "percent_covered_display": "87", "missing_lines": 9, "excluded_lines": 0, "percent_statements_covered": 87.14285714285714, "percent_statements_covered_display": "87"}, "missing_lines": [8, 9, 10, 22, 23, 42, 45, 131, 157], "excluded_lines": [], "start_line": 1}}}, "rosetta/__main__.py": {"executed_lines": [], "summary": {"covered_lines": 0, "num_statements": 2, "percent_covered": 0.0, "percent_covered_display": "0", "missing_lines": 2, "excluded_lines": 0, "percent_statements_covered": 0.0, "percent_statements_covered_display": "0"}, "missing_lines": [2, 3], "excluded_lines": [], "functions": {"": {"executed_lines": [], "summary": {"covered_lines": 0, "num_statements": 2, "percent_covered": 0.0, "percent_covered_display": "0", "missing_lines": 2, "excluded_lines": 0, "percent_statements_covered": 0.0, "percent_statements_covered_display": "0"}, "missing_lines": [2, 3], "excluded_lines": [], "start_line": 1}}, "classes": {"": {"executed_lines": [], "summary": {"covered_lines": 0, "num_statements": 2, "percent_covered": 0.0, "percent_covered_display": "0", "missing_lines": 2, "excluded_lines": 0, "percent_statements_covered": 0.0, "percent_statements_covered_display": "0"}, "missing_lines": [2, 3], "excluded_lines": [], "start_line": 1}}}, "rosetta/_bridge.py": {"executed_lines": [3, 4, 5, 6, 7, 8, 9, 11, 12, 15, 16, 21, 22, 23, 24, 25, 26, 28, 29, 30, 31, 32, 43, 46, 47, 48, 51, 53, 54, 55, 56, 57, 58, 63, 65, 66, 67, 68, 69, 70, 74, 76, 77, 78, 79, 80, 81, 82, 85, 87, 88, 89, 93, 95, 96, 97, 98, 100, 103, 104, 105, 107, 109, 110, 111, 112, 114, 116, 117, 118, 120, 122, 125, 131, 132, 138, 139, 141, 144, 145, 157, 158, 159, 161, 162, 169, 170, 171, 173, 174, 176, 178, 183, 184, 185, 187, 197, 200, 203, 206, 207, 209], "summary": {"covered_lines": 102, "num_statements": 120, "percent_covered": 85.0, "percent_covered_display": "85", "missing_lines": 18, "excluded_lines": 0, "percent_statements_covered": 85.0, "percent_statements_covered_display": "85"}, "missing_lines": [17, 18, 34, 35, 36, 37, 38, 39, 40, 60, 71, 90, 99, 123, 163, 164, 166, 198], "excluded_lines": [], "functions": {"_get_base": {"executed_lines": [46, 47, 48], "summary": {"covered_lines": 3, "num_statements": 3, "percent_covered": 100.0, "percent_covered_display": "100", "missing_lines": 0, "excluded_lines": 0, "percent_statements_covered": 100.0, "percent_statements_covered_display": "100"}, "missing_lines": [], "excluded_lines": [], "start_line": 43}, "to_r_matrix": {"executed_lines": [53, 54, 55, 56, 57, 58], "summary": {"covered_lines": 6, "num_statements": 7, "percent_covered": 85.71428571428571, "percent_covered_display": "86", "missing_lines": 1, "excluded_lines": 0, "percent_statements_covered": 85.71428571428571, "percent_statements_covered_display": "86"}, "missing_lines": [60], "excluded_lines": [], "start_line": 51}, "to_r_dataframe": {"executed_lines": [65, 66, 67, 68, 69, 70], "summary": {"covered_lines": 6, "num_statements": 7, "percent_covered": 85.71428571428571, "percent_covered_display": "86", "missing_lines": 1, "excluded_lines": 0, "percent_statements_covered": 85.71428571428571, "percent_statements_covered_display": "86"}, "missing_lines": [71], "excluded_lines": [], "start_line": 63}, "to_pandas": {"executed_lines": [76, 77, 78, 79, 80, 81, 82], "summary": {"covered_lines": 7, "num_statements": 7, "percent_covered": 100.0, "percent_covered_display": "100", "missing_lines": 0, "excluded_lines": 0, "percent_statements_covered": 100.0, "percent_statements_covered_display": "100"}, "missing_lines": [], "excluded_lines": [], "start_line": 74}, "to_r_df": {"executed_lines": [87, 88, 89], "summary": {"covered_lines": 3, "num_statements": 4, "percent_covered": 75.0, "percent_covered_display": "75", "missing_lines": 1, "excluded_lines": 0, "percent_statements_covered": 75.0, "percent_statements_covered_display": "75"}, "missing_lines": [90], "excluded_lines": [], "start_line": 85}, "r_nrow": {"executed_lines": [95, 96, 97, 98], "summary": {"covered_lines": 4, "num_statements": 5, "percent_covered": 80.0, "percent_covered_display": "80", "missing_lines": 1, "excluded_lines": 0, "percent_statements_covered": 80.0, "percent_statements_covered_display": "80"}, "missing_lines": [99], "excluded_lines": [], "start_line": 93}, "BaseWrapper.__init__": {"executed_lines": [104, 105], "summary": {"covered_lines": 2, "num_statements": 2, "percent_covered": 100.0, "percent_covered_display": "100", "missing_lines": 0, "excluded_lines": 0, "percent_statements_covered": 100.0, "percent_statements_covered_display": "100"}, "missing_lines": [], "excluded_lines": [], "start_line": 103}, "BaseWrapper._call_r": {"executed_lines": [109, 110, 111, 112, 114, 116, 117, 118, 120, 122], "summary": {"covered_lines": 10, "num_statements": 11, "percent_covered": 90.9090909090909, "percent_covered_display": "91", "missing_lines": 1, "excluded_lines": 0, "percent_statements_covered": 90.9090909090909, "percent_statements_covered_display": "91"}, "missing_lines": [123], "excluded_lines": [], "start_line": 107}, "BaseWrapper._call_r_subprocess": {"executed_lines": [131, 132, 138, 139, 141, 144, 145, 157, 158, 159, 161, 162, 169, 170, 171], "summary": {"covered_lines": 15, "num_statements": 18, "percent_covered": 83.33333333333333, "percent_covered_display": "83", "missing_lines": 3, "excluded_lines": 0, "percent_statements_covered": 83.33333333333333, "percent_statements_covered_display": "83"}, "missing_lines": [163, 164, 166], "excluded_lines": [], "start_line": 125}, "BaseWrapper.r_obj": {"executed_lines": [176], "summary": {"covered_lines": 1, "num_statements": 1, "percent_covered": 100.0, "percent_covered_display": "100", "missing_lines": 0, "excluded_lines": 0, "percent_statements_covered": 100.0, "percent_statements_covered_display": "100"}, "missing_lines": [], "excluded_lines": [], "start_line": 174}, "BaseWrapper.__getattr__": {"executed_lines": [183, 184, 185], "summary": {"covered_lines": 3, "num_statements": 3, "percent_covered": 100.0, "percent_covered_display": "100", "missing_lines": 0, "excluded_lines": 0, "percent_statements_covered": 100.0, "percent_statements_covered_display": "100"}, "missing_lines": [], "excluded_lines": [], "start_line": 178}, "BaseWrapper.run_r_script": {"executed_lines": [197, 200, 203, 206, 207, 209], "summary": {"covered_lines": 6, "num_statements": 7, "percent_covered": 85.71428571428571, "percent_covered_display": "86", "missing_lines": 1, "excluded_lines": 0, "percent_statements_covered": 85.71428571428571, "percent_statements_covered_display": "86"}, "missing_lines": [198], "excluded_lines": [], "start_line": 187}, "": {"executed_lines": [3, 4, 5, 6, 7, 8, 9, 11, 12, 15, 16, 21, 22, 23, 24, 25, 26, 28, 29, 30, 31, 32, 43, 51, 63, 74, 85, 93, 100, 103, 107, 125, 173, 174, 178, 187], "summary": {"covered_lines": 36, "num_statements": 45, "percent_covered": 80.0, "percent_covered_display": "80", "missing_lines": 9, "excluded_lines": 0, "percent_statements_covered": 80.0, "percent_statements_covered_display": "80"}, "missing_lines": [17, 18, 34, 35, 36, 37, 38, 39, 40], "excluded_lines": [], "start_line": 1}}, "classes": {"BaseWrapper": {"executed_lines": [104, 105, 109, 110, 111, 112, 114, 116, 117, 118, 120, 122, 131, 132, 138, 139, 141, 144, 145, 157, 158, 159, 161, 162, 169, 170, 171, 176, 183, 184, 185, 197, 200, 203, 206, 207, 209], "summary": {"covered_lines": 37, "num_statements": 42, "percent_covered": 88.0952380952381, "percent_covered_display": "88", "missing_lines": 5, "excluded_lines": 0, "percent_statements_covered": 88.0952380952381, "percent_statements_covered_display": "88"}, "missing_lines": [123, 163, 164, 166, 198], "excluded_lines": [], "start_line": 100}, "": {"executed_lines": [3, 4, 5, 6, 7, 8, 9, 11, 12, 15, 16, 21, 22, 23, 24, 25, 26, 28, 29, 30, 31, 32, 43, 46, 47, 48, 51, 53, 54, 55, 56, 57, 58, 63, 65, 66, 67, 68, 69, 70, 74, 76, 77, 78, 79, 80, 81, 82, 85, 87, 88, 89, 93, 95, 96, 97, 98, 100, 103, 107, 125, 173, 174, 178, 187], "summary": {"covered_lines": 65, "num_statements": 78, "percent_covered": 83.33333333333333, "percent_covered_display": "83", "missing_lines": 13, "excluded_lines": 0, "percent_statements_covered": 83.33333333333333, "percent_statements_covered_display": "83"}, "missing_lines": [17, 18, 34, 35, 36, 37, 38, 39, 40, 60, 71, 90, 99], "excluded_lines": [], "start_line": 1}}}, "rosetta/_deps.py": {"executed_lines": [3, 4, 7, 8, 13, 15, 17, 18, 19, 22, 24, 25], "summary": {"covered_lines": 12, "num_statements": 14, "percent_covered": 85.71428571428571, "percent_covered_display": "86", "missing_lines": 2, "excluded_lines": 0, "percent_statements_covered": 85.71428571428571, "percent_statements_covered_display": "86"}, "missing_lines": [10, 16], "excluded_lines": [], "functions": {"is_installed": {"executed_lines": [15, 17, 18, 19], "summary": {"covered_lines": 4, "num_statements": 5, "percent_covered": 80.0, "percent_covered_display": "80", "missing_lines": 1, "excluded_lines": 0, "percent_statements_covered": 80.0, "percent_statements_covered_display": "80"}, "missing_lines": [16], "excluded_lines": [], "start_line": 13}, "ensure_installed": {"executed_lines": [24, 25], "summary": {"covered_lines": 2, "num_statements": 2, "percent_covered": 100.0, "percent_covered_display": "100", "missing_lines": 0, "excluded_lines": 0, "percent_statements_covered": 100.0, "percent_statements_covered_display": "100"}, "missing_lines": [], "excluded_lines": [], "start_line": 22}, "": {"executed_lines": [3, 4, 7, 8, 13, 22], "summary": {"covered_lines": 6, "num_statements": 7, "percent_covered": 85.71428571428571, "percent_covered_display": "86", "missing_lines": 1, "excluded_lines": 0, "percent_statements_covered": 85.71428571428571, "percent_statements_covered_display": "86"}, "missing_lines": [10], "excluded_lines": [], "start_line": 1}}, "classes": {"": {"executed_lines": [3, 4, 7, 8, 13, 15, 17, 18, 19, 22, 24, 25], "summary": {"covered_lines": 12, "num_statements": 14, "percent_covered": 85.71428571428571, "percent_covered_display": "86", "missing_lines": 2, "excluded_lines": 0, "percent_statements_covered": 85.71428571428571, "percent_statements_covered_display": "86"}, "missing_lines": [10, 16], "excluded_lines": [], "start_line": 1}}}, "rosetta/_detect.py": {"executed_lines": [3, 4, 5, 6, 7, 8, 11, 17, 19, 20, 21, 22, 24, 25, 26, 27, 28, 30, 32, 33, 35, 40, 51, 52, 58, 59, 60, 61, 62, 63, 64, 68, 69, 71, 76, 77, 80, 81, 83, 85], "summary": {"covered_lines": 40, "num_statements": 40, "percent_covered": 100.0, "percent_covered_display": "100", "missing_lines": 0, "excluded_lines": 0, "percent_statements_covered": 100.0, "percent_statements_covered_display": "100"}, "missing_lines": [], "excluded_lines": [], "functions": {"check_rpy2_available": {"executed_lines": [19, 20, 21, 22, 24, 25, 26, 27, 28], "summary": {"covered_lines": 9, "num_statements": 9, "percent_covered": 100.0, "percent_covered_display": "100", "missing_lines": 0, "excluded_lines": 0, "percent_statements_covered": 100.0, "percent_statements_covered_display": "100"}, "missing_lines": [], "excluded_lines": [], "start_line": 17}, "find_rscript": {"executed_lines": [32, 33], "summary": {"covered_lines": 2, "num_statements": 2, "percent_covered": 100.0, "percent_covered_display": "100", "missing_lines": 0, "excluded_lines": 0, "percent_statements_covered": 100.0, "percent_statements_covered_display": "100"}, "missing_lines": [], "excluded_lines": [], "start_line": 30}, "verify_r_package_versions": {"executed_lines": [40, 51, 52, 58, 59, 60, 61, 62, 63, 64, 68, 69], "summary": {"covered_lines": 12, "num_statements": 12, "percent_covered": 100.0, "percent_covered_display": "100", "missing_lines": 0, "excluded_lines": 0, "percent_statements_covered": 100.0, "percent_statements_covered_display": "100"}, "missing_lines": [], "excluded_lines": [], "start_line": 35}, "detect_backend": {"executed_lines": [76, 77, 80, 81, 83, 85], "summary": {"covered_lines": 6, "num_statements": 6, "percent_covered": 100.0, "percent_covered_display": "100", "missing_lines": 0, "excluded_lines": 0, "percent_statements_covered": 100.0, "percent_statements_covered_display": "100"}, "missing_lines": [], "excluded_lines": [], "start_line": 71}, "": {"executed_lines": [3, 4, 5, 6, 7, 8, 11, 17, 30, 35, 71], "summary": {"covered_lines": 11, "num_statements": 11, "percent_covered": 100.0, "percent_covered_display": "100", "missing_lines": 0, "excluded_lines": 0, "percent_statements_covered": 100.0, "percent_statements_covered_display": "100"}, "missing_lines": [], "excluded_lines": [], "start_line": 1}}, "classes": {"": {"executed_lines": [3, 4, 5, 6, 7, 8, 11, 17, 19, 20, 21, 22, 24, 25, 26, 27, 28, 30, 32, 33, 35, 40, 51, 52, 58, 59, 60, 61, 62, 63, 64, 68, 69, 71, 76, 77, 80, 81, 83, 85], "summary": {"covered_lines": 40, "num_statements": 40, "percent_covered": 100.0, "percent_covered_display": "100", "missing_lines": 0, "excluded_lines": 0, "percent_statements_covered": 100.0, "percent_statements_covered_display": "100"}, "missing_lines": [], "excluded_lines": [], "start_line": 1}}}, "rosetta/_errors.py": {"executed_lines": [4, 8, 11, 12, 13, 16, 20, 22], "summary": {"covered_lines": 8, "num_statements": 8, "percent_covered": 100.0, "percent_covered_display": "100", "missing_lines": 0, "excluded_lines": 0, "percent_statements_covered": 100.0, "percent_statements_covered_display": "100"}, "missing_lines": [], "excluded_lines": [], "functions": {"RPackageMissing.__init__": {"executed_lines": [12, 13], "summary": {"covered_lines": 2, "num_statements": 2, "percent_covered": 100.0, "percent_covered_display": "100", "missing_lines": 0, "excluded_lines": 0, "percent_statements_covered": 100.0, "percent_statements_covered_display": "100"}, "missing_lines": [], "excluded_lines": [], "start_line": 11}, "": {"executed_lines": [4, 8, 11, 16, 20, 22], "summary": {"covered_lines": 6, "num_statements": 6, "percent_covered": 100.0, "percent_covered_display": "100", "missing_lines": 0, "excluded_lines": 0, "percent_statements_covered": 100.0, "percent_statements_covered_display": "100"}, "missing_lines": [], "excluded_lines": [], "start_line": 1}}, "classes": {"RosettaError": {"executed_lines": [], "summary": {"covered_lines": 0, "num_statements": 0, "percent_covered": 100.0, "percent_covered_display": "100", "missing_lines": 0, "excluded_lines": 0, "percent_statements_covered": 100.0, "percent_statements_covered_display": "100"}, "missing_lines": [], "excluded_lines": [], "start_line": 4}, "RPackageMissing": {"executed_lines": [12, 13], "summary": {"covered_lines": 2, "num_statements": 2, "percent_covered": 100.0, "percent_covered_display": "100", "missing_lines": 0, "excluded_lines": 0, "percent_statements_covered": 100.0, "percent_statements_covered_display": "100"}, "missing_lines": [], "excluded_lines": [], "start_line": 8}, "RFormulaError": {"executed_lines": [], "summary": {"covered_lines": 0, "num_statements": 0, "percent_covered": 100.0, "percent_covered_display": "100", "missing_lines": 0, "excluded_lines": 0, "percent_statements_covered": 100.0, "percent_statements_covered_display": "100"}, "missing_lines": [], "excluded_lines": [], "start_line": 16}, "RDataError": {"executed_lines": [], "summary": {"covered_lines": 0, "num_statements": 0, "percent_covered": 100.0, "percent_covered_display": "100", "missing_lines": 0, "excluded_lines": 0, "percent_statements_covered": 100.0, "percent_statements_covered_display": "100"}, "missing_lines": [], "excluded_lines": [], "start_line": 20}, "RosettaSecurityError": {"executed_lines": [], "summary": {"covered_lines": 0, "num_statements": 0, "percent_covered": 100.0, "percent_covered_display": "100", "missing_lines": 0, "excluded_lines": 0, "percent_statements_covered": 100.0, "percent_statements_covered_display": "100"}, "missing_lines": [], "excluded_lines": [], "start_line": 22}, "": {"executed_lines": [4, 8, 11, 16, 20, 22], "summary": {"covered_lines": 6, "num_statements": 6, "percent_covered": 100.0, "percent_covered_display": "100", "missing_lines": 0, "excluded_lines": 0, "percent_statements_covered": 100.0, "percent_statements_covered_display": "100"}, "missing_lines": [], "excluded_lines": [], "start_line": 1}}}, "rosetta/codegen.py": {"executed_lines": [13, 15, 18, 19, 20, 21, 24, 25, 28, 30, 31, 34, 36, 39, 41, 44, 46, 49, 50, 51, 52, 53, 56, 58, 59], "summary": {"covered_lines": 25, "num_statements": 25, "percent_covered": 100.0, "percent_covered_display": "100", "missing_lines": 0, "excluded_lines": 0, "percent_statements_covered": 100.0, "percent_statements_covered_display": "100"}, "missing_lines": [], "excluded_lines": [], "functions": {"_get_log": {"executed_lines": [19, 20, 21], "summary": {"covered_lines": 3, "num_statements": 3, "percent_covered": 100.0, "percent_covered_display": "100", "missing_lines": 0, "excluded_lines": 0, "percent_statements_covered": 100.0, "percent_statements_covered_display": "100"}, "missing_lines": [], "excluded_lines": [], "start_line": 18}, "_is_enabled": {"executed_lines": [25], "summary": {"covered_lines": 1, "num_statements": 1, "percent_covered": 100.0, "percent_covered_display": "100", "missing_lines": 0, "excluded_lines": 0, "percent_statements_covered": 100.0, "percent_statements_covered_display": "100"}, "missing_lines": [], "excluded_lines": [], "start_line": 24}, "enable": {"executed_lines": [30, 31], "summary": {"covered_lines": 2, "num_statements": 2, "percent_covered": 100.0, "percent_covered_display": "100", "missing_lines": 0, "excluded_lines": 0, "percent_statements_covered": 100.0, "percent_statements_covered_display": "100"}, "missing_lines": [], "excluded_lines": [], "start_line": 28}, "disable": {"executed_lines": [36], "summary": {"covered_lines": 1, "num_statements": 1, "percent_covered": 100.0, "percent_covered_display": "100", "missing_lines": 0, "excluded_lines": 0, "percent_statements_covered": 100.0, "percent_statements_covered_display": "100"}, "missing_lines": [], "excluded_lines": [], "start_line": 34}, "last": {"executed_lines": [41], "summary": {"covered_lines": 1, "num_statements": 1, "percent_covered": 100.0, "percent_covered_display": "100", "missing_lines": 0, "excluded_lines": 0, "percent_statements_covered": 100.0, "percent_statements_covered_display": "100"}, "missing_lines": [], "excluded_lines": [], "start_line": 39}, "clear": {"executed_lines": [46], "summary": {"covered_lines": 1, "num_statements": 1, "percent_covered": 100.0, "percent_covered_display": "100", "missing_lines": 0, "excluded_lines": 0, "percent_statements_covered": 100.0, "percent_statements_covered_display": "100"}, "missing_lines": [], "excluded_lines": [], "start_line": 44}, "_emit": {"executed_lines": [50, 51, 52, 53], "summary": {"covered_lines": 4, "num_statements": 4, "percent_covered": 100.0, "percent_covered_display": "100", "missing_lines": 0, "excluded_lines": 0, "percent_statements_covered": 100.0, "percent_statements_covered_display": "100"}, "missing_lines": [], "excluded_lines": [], "start_line": 49}, "_block": {"executed_lines": [58, 59], "summary": {"covered_lines": 2, "num_statements": 2, "percent_covered": 100.0, "percent_covered_display": "100", "missing_lines": 0, "excluded_lines": 0, "percent_statements_covered": 100.0, "percent_statements_covered_display": "100"}, "missing_lines": [], "excluded_lines": [], "start_line": 56}, "": {"executed_lines": [13, 15, 18, 24, 28, 34, 39, 44, 49, 56], "summary": {"covered_lines": 10, "num_statements": 10, "percent_covered": 100.0, "percent_covered_display": "100", "missing_lines": 0, "excluded_lines": 0, "percent_statements_covered": 100.0, "percent_statements_covered_display": "100"}, "missing_lines": [], "excluded_lines": [], "start_line": 1}}, "classes": {"": {"executed_lines": [13, 15, 18, 19, 20, 21, 24, 25, 28, 30, 31, 34, 36, 39, 41, 44, 46, 49, 50, 51, 52, 53, 56, 58, 59], "summary": {"covered_lines": 25, "num_statements": 25, "percent_covered": 100.0, "percent_covered_display": "100", "missing_lines": 0, "excluded_lines": 0, "percent_statements_covered": 100.0, "percent_statements_covered_display": "100"}, "missing_lines": [], "excluded_lines": [], "start_line": 1}}}, "rosetta/example.py": {"executed_lines": [], "summary": {"covered_lines": 0, "num_statements": 31, "percent_covered": 0.0, "percent_covered_display": "0", "missing_lines": 31, "excluded_lines": 0, "percent_statements_covered": 0.0, "percent_statements_covered_display": "0"}, "missing_lines": [6, 7, 10, 12, 14, 17, 18, 19, 20, 23, 24, 26, 27, 32, 33, 36, 37, 38, 39, 41, 50, 51, 52, 55, 56, 57, 59, 60, 61, 64, 65], "excluded_lines": [], "functions": {"main": {"executed_lines": [], "summary": {"covered_lines": 0, "num_statements": 26, "percent_covered": 0.0, "percent_covered_display": "0", "missing_lines": 26, "excluded_lines": 0, "percent_statements_covered": 0.0, "percent_statements_covered_display": "0"}, "missing_lines": [12, 14, 17, 18, 19, 20, 23, 24, 26, 27, 32, 33, 36, 37, 38, 39, 41, 50, 51, 52, 55, 56, 57, 59, 60, 61], "excluded_lines": [], "start_line": 10}, "": {"executed_lines": [], "summary": {"covered_lines": 0, "num_statements": 5, "percent_covered": 0.0, "percent_covered_display": "0", "missing_lines": 5, "excluded_lines": 0, "percent_statements_covered": 0.0, "percent_statements_covered_display": "0"}, "missing_lines": [6, 7, 10, 64, 65], "excluded_lines": [], "start_line": 1}}, "classes": {"": {"executed_lines": [], "summary": {"covered_lines": 0, "num_statements": 31, "percent_covered": 0.0, "percent_covered_display": "0", "missing_lines": 31, "excluded_lines": 0, "percent_statements_covered": 0.0, "percent_statements_covered_display": "0"}, "missing_lines": [6, 7, 10, 12, 14, 17, 18, 19, 20, 23, 24, 26, 27, 32, 33, 36, 37, 38, 39, 41, 50, 51, 52, 55, 56, 57, 59, 60, 61, 64, 65], "excluded_lines": [], "start_line": 1}}}, "rosetta/pipelines.py": {"executed_lines": [6, 7, 8, 11, 41, 42, 44, 46, 48, 49, 50, 51, 52, 53, 55, 56, 57, 58, 59, 61, 62, 63, 65, 66, 67, 68, 69, 71, 72, 73, 74, 75, 78, 81, 105, 106, 107, 108, 109, 110, 111, 112, 113, 115, 118, 144, 145, 147, 148, 149, 150, 152, 153, 154, 155, 156, 157, 158, 159, 160, 162, 163, 165, 166, 167, 168], "summary": {"covered_lines": 66, "num_statements": 66, "percent_covered": 100.0, "percent_covered_display": "100", "missing_lines": 0, "excluded_lines": 0, "percent_statements_covered": 100.0, "percent_statements_covered_display": "100"}, "missing_lines": [], "excluded_lines": [], "functions": {"diff_expr": {"executed_lines": [41, 42, 44, 46, 48, 49, 50, 51, 52, 53, 55, 56, 57, 58, 59, 61, 62, 63, 65, 66, 67, 68, 69, 71, 72, 73, 74, 75, 78], "summary": {"covered_lines": 29, "num_statements": 29, "percent_covered": 100.0, "percent_covered_display": "100", "missing_lines": 0, "excluded_lines": 0, "percent_statements_covered": 100.0, "percent_statements_covered_display": "100"}, "missing_lines": [], "excluded_lines": [], "start_line": 11}, "enrichment": {"executed_lines": [105, 106, 107, 108, 109, 110, 111, 112, 113, 115], "summary": {"covered_lines": 10, "num_statements": 10, "percent_covered": 100.0, "percent_covered_display": "100", "missing_lines": 0, "excluded_lines": 0, "percent_statements_covered": 100.0, "percent_statements_covered_display": "100"}, "missing_lines": [], "excluded_lines": [], "start_line": 81}, "compare": {"executed_lines": [144, 145, 147, 148, 149, 150, 152, 153, 154, 155, 156, 157, 158, 159, 160, 162, 163, 165, 166, 167, 168], "summary": {"covered_lines": 21, "num_statements": 21, "percent_covered": 100.0, "percent_covered_display": "100", "missing_lines": 0, "excluded_lines": 0, "percent_statements_covered": 100.0, "percent_statements_covered_display": "100"}, "missing_lines": [], "excluded_lines": [], "start_line": 118}, "": {"executed_lines": [6, 7, 8, 11, 81, 118], "summary": {"covered_lines": 6, "num_statements": 6, "percent_covered": 100.0, "percent_covered_display": "100", "missing_lines": 0, "excluded_lines": 0, "percent_statements_covered": 100.0, "percent_statements_covered_display": "100"}, "missing_lines": [], "excluded_lines": [], "start_line": 1}}, "classes": {"": {"executed_lines": [6, 7, 8, 11, 41, 42, 44, 46, 48, 49, 50, 51, 52, 53, 55, 56, 57, 58, 59, 61, 62, 63, 65, 66, 67, 68, 69, 71, 72, 73, 74, 75, 78, 81, 105, 106, 107, 108, 109, 110, 111, 112, 113, 115, 118, 144, 145, 147, 148, 149, 150, 152, 153, 154, 155, 156, 157, 158, 159, 160, 162, 163, 165, 166, 167, 168], "summary": {"covered_lines": 66, "num_statements": 66, "percent_covered": 100.0, "percent_covered_display": "100", "missing_lines": 0, "excluded_lines": 0, "percent_statements_covered": 100.0, "percent_statements_covered_display": "100"}, "missing_lines": [], "excluded_lines": [], "start_line": 1}}}, "rosetta/plots/__init__.py": {"executed_lines": [3, 4, 5, 7], "summary": {"covered_lines": 4, "num_statements": 4, "percent_covered": 100.0, "percent_covered_display": "100", "missing_lines": 0, "excluded_lines": 0, "percent_statements_covered": 100.0, "percent_statements_covered_display": "100"}, "missing_lines": [], "excluded_lines": [], "functions": {"": {"executed_lines": [3, 4, 5, 7], "summary": {"covered_lines": 4, "num_statements": 4, "percent_covered": 100.0, "percent_covered_display": "100", "missing_lines": 0, "excluded_lines": 0, "percent_statements_covered": 100.0, "percent_statements_covered_display": "100"}, "missing_lines": [], "excluded_lines": [], "start_line": 1}}, "classes": {"": {"executed_lines": [3, 4, 5, 7], "summary": {"covered_lines": 4, "num_statements": 4, "percent_covered": 100.0, "percent_covered_display": "100", "missing_lines": 0, "excluded_lines": 0, "percent_statements_covered": 100.0, "percent_statements_covered_display": "100"}, "missing_lines": [], "excluded_lines": [], "start_line": 1}}}, "rosetta/plots/_detect.py": {"executed_lines": [3, 5, 7, 10, 13, 14, 15, 16, 19, 42, 45, 46, 47, 55, 56, 57, 65, 66, 67, 74], "summary": {"covered_lines": 20, "num_statements": 20, "percent_covered": 100.0, "percent_covered_display": "100", "missing_lines": 0, "excluded_lines": 0, "percent_statements_covered": 100.0, "percent_statements_covered_display": "100"}, "missing_lines": [], "excluded_lines": [], "functions": {"detect_columns": {"executed_lines": [42, 45, 46, 47, 55, 56, 57, 65, 66, 67, 74], "summary": {"covered_lines": 11, "num_statements": 11, "percent_covered": 100.0, "percent_covered_display": "100", "missing_lines": 0, "excluded_lines": 0, "percent_statements_covered": 100.0, "percent_statements_covered_display": "100"}, "missing_lines": [], "excluded_lines": [], "start_line": 19}, "": {"executed_lines": [3, 5, 7, 10, 13, 14, 15, 16, 19], "summary": {"covered_lines": 9, "num_statements": 9, "percent_covered": 100.0, "percent_covered_display": "100", "missing_lines": 0, "excluded_lines": 0, "percent_statements_covered": 100.0, "percent_statements_covered_display": "100"}, "missing_lines": [], "excluded_lines": [], "start_line": 1}}, "classes": {"DetectedColumns": {"executed_lines": [], "summary": {"covered_lines": 0, "num_statements": 0, "percent_covered": 100.0, "percent_covered_display": "100", "missing_lines": 0, "excluded_lines": 0, "percent_statements_covered": 100.0, "percent_statements_covered_display": "100"}, "missing_lines": [], "excluded_lines": [], "start_line": 10}, "": {"executed_lines": [3, 5, 7, 10, 13, 14, 15, 16, 19, 42, 45, 46, 47, 55, 56, 57, 65, 66, 67, 74], "summary": {"covered_lines": 20, "num_statements": 20, "percent_covered": 100.0, "percent_covered_display": "100", "missing_lines": 0, "excluded_lines": 0, "percent_statements_covered": 100.0, "percent_statements_covered_display": "100"}, "missing_lines": [], "excluded_lines": [], "start_line": 1}}}, "rosetta/plots/ma.py": {"executed_lines": [3, 5, 7, 8, 10, 16, 51, 53, 54, 55, 56, 58, 59, 65, 68, 69, 70, 72, 73, 75, 76, 79, 80, 84, 85, 87, 94, 103, 106, 107, 108, 109, 110, 111, 113, 114], "summary": {"covered_lines": 36, "num_statements": 37, "percent_covered": 97.29729729729729, "percent_covered_display": "97", "missing_lines": 1, "excluded_lines": 2, "percent_statements_covered": 97.29729729729729, "percent_statements_covered_display": "97"}, "missing_lines": [82], "excluded_lines": [12, 13], "functions": {"ma_plot": {"executed_lines": [51, 53, 54, 55, 56, 58, 59, 65, 68, 69, 70, 72, 73, 75, 76, 79, 80, 84, 85, 87, 94, 103, 106, 107, 108, 109, 110, 111, 113, 114], "summary": {"covered_lines": 30, "num_statements": 31, "percent_covered": 96.7741935483871, "percent_covered_display": "97", "missing_lines": 1, "excluded_lines": 0, "percent_statements_covered": 96.7741935483871, "percent_statements_covered_display": "97"}, "missing_lines": [82], "excluded_lines": [], "start_line": 16}, "": {"executed_lines": [3, 5, 7, 8, 10, 16], "summary": {"covered_lines": 6, "num_statements": 6, "percent_covered": 100.0, "percent_covered_display": "100", "missing_lines": 0, "excluded_lines": 2, "percent_statements_covered": 100.0, "percent_statements_covered_display": "100"}, "missing_lines": [], "excluded_lines": [12, 13], "start_line": 1}}, "classes": {"": {"executed_lines": [3, 5, 7, 8, 10, 16, 51, 53, 54, 55, 56, 58, 59, 65, 68, 69, 70, 72, 73, 75, 76, 79, 80, 84, 85, 87, 94, 103, 106, 107, 108, 109, 110, 111, 113, 114], "summary": {"covered_lines": 36, "num_statements": 37, "percent_covered": 97.29729729729729, "percent_covered_display": "97", "missing_lines": 1, "excluded_lines": 2, "percent_statements_covered": 97.29729729729729, "percent_statements_covered_display": "97"}, "missing_lines": [82], "excluded_lines": [12, 13], "start_line": 1}}}, "rosetta/plots/pca.py": {"executed_lines": [3, 5, 7, 8, 14, 39, 41, 43, 44, 45, 48, 85, 86, 89, 92, 93, 98, 99, 101, 103, 104, 106, 108, 110, 111, 112, 114, 115, 116, 123, 125, 128, 129, 130, 131, 132, 134, 135], "summary": {"covered_lines": 38, "num_statements": 45, "percent_covered": 84.44444444444444, "percent_covered_display": "84", "missing_lines": 7, "excluded_lines": 2, "percent_statements_covered": 84.44444444444444, "percent_statements_covered_display": "84"}, "missing_lines": [29, 31, 33, 35, 36, 94, 95], "excluded_lines": [10, 11], "functions": {"_pca_numpy": {"executed_lines": [], "summary": {"covered_lines": 0, "num_statements": 5, "percent_covered": 0.0, "percent_covered_display": "0", "missing_lines": 5, "excluded_lines": 0, "percent_statements_covered": 0.0, "percent_statements_covered_display": "0"}, "missing_lines": [29, 31, 33, 35, 36], "excluded_lines": [], "start_line": 14}, "_pca_sklearn": {"executed_lines": [41, 43, 44, 45], "summary": {"covered_lines": 4, "num_statements": 4, "percent_covered": 100.0, "percent_covered_display": "100", "missing_lines": 0, "excluded_lines": 0, "percent_statements_covered": 100.0, "percent_statements_covered_display": "100"}, "missing_lines": [], "excluded_lines": [], "start_line": 39}, "pca": {"executed_lines": [85, 86, 89, 92, 93, 98, 99, 101, 103, 104, 106, 108, 110, 111, 112, 114, 115, 116, 123, 125, 128, 129, 130, 131, 132, 134, 135], "summary": {"covered_lines": 27, "num_statements": 29, "percent_covered": 93.10344827586206, "percent_covered_display": "93", "missing_lines": 2, "excluded_lines": 0, "percent_statements_covered": 93.10344827586206, "percent_statements_covered_display": "93"}, "missing_lines": [94, 95], "excluded_lines": [], "start_line": 48}, "": {"executed_lines": [3, 5, 7, 8, 14, 39, 48], "summary": {"covered_lines": 7, "num_statements": 7, "percent_covered": 100.0, "percent_covered_display": "100", "missing_lines": 0, "excluded_lines": 2, "percent_statements_covered": 100.0, "percent_statements_covered_display": "100"}, "missing_lines": [], "excluded_lines": [10, 11], "start_line": 1}}, "classes": {"": {"executed_lines": [3, 5, 7, 8, 14, 39, 41, 43, 44, 45, 48, 85, 86, 89, 92, 93, 98, 99, 101, 103, 104, 106, 108, 110, 111, 112, 114, 115, 116, 123, 125, 128, 129, 130, 131, 132, 134, 135], "summary": {"covered_lines": 38, "num_statements": 45, "percent_covered": 84.44444444444444, "percent_covered_display": "84", "missing_lines": 7, "excluded_lines": 2, "percent_statements_covered": 84.44444444444444, "percent_statements_covered_display": "84"}, "missing_lines": [29, 31, 33, 35, 36, 94, 95], "excluded_lines": [10, 11], "start_line": 1}}}, "rosetta/plots/volcano.py": {"executed_lines": [3, 5, 7, 8, 10, 16, 54, 56, 57, 58, 61, 62, 65, 66, 67, 70, 71, 73, 75, 76, 79, 86, 93, 102, 103, 104, 107, 108, 109, 110, 111, 112, 115, 116, 117, 118, 119, 120, 129, 130], "summary": {"covered_lines": 40, "num_statements": 40, "percent_covered": 100.0, "percent_covered_display": "100", "missing_lines": 0, "excluded_lines": 2, "percent_statements_covered": 100.0, "percent_statements_covered_display": "100"}, "missing_lines": [], "excluded_lines": [12, 13], "functions": {"volcano": {"executed_lines": [54, 56, 57, 58, 61, 62, 65, 66, 67, 70, 71, 73, 75, 76, 79, 86, 93, 102, 103, 104, 107, 108, 109, 110, 111, 112, 115, 116, 117, 118, 119, 120, 129, 130], "summary": {"covered_lines": 34, "num_statements": 34, "percent_covered": 100.0, "percent_covered_display": "100", "missing_lines": 0, "excluded_lines": 0, "percent_statements_covered": 100.0, "percent_statements_covered_display": "100"}, "missing_lines": [], "excluded_lines": [], "start_line": 16}, "": {"executed_lines": [3, 5, 7, 8, 10, 16], "summary": {"covered_lines": 6, "num_statements": 6, "percent_covered": 100.0, "percent_covered_display": "100", "missing_lines": 0, "excluded_lines": 2, "percent_statements_covered": 100.0, "percent_statements_covered_display": "100"}, "missing_lines": [], "excluded_lines": [12, 13], "start_line": 1}}, "classes": {"": {"executed_lines": [3, 5, 7, 8, 10, 16, 54, 56, 57, 58, 61, 62, 65, 66, 67, 70, 71, 73, 75, 76, 79, 86, 93, 102, 103, 104, 107, 108, 109, 110, 111, 112, 115, 116, 117, 118, 119, 120, 129, 130], "summary": {"covered_lines": 40, "num_statements": 40, "percent_covered": 100.0, "percent_covered_display": "100", "missing_lines": 0, "excluded_lines": 2, "percent_statements_covered": 100.0, "percent_statements_covered_display": "100"}, "missing_lines": [], "excluded_lines": [12, 13], "start_line": 1}}}, "rosetta/quick_result.py": {"executed_lines": [3, 5, 7, 9, 12, 24, 30, 31, 32, 36, 37, 39, 40, 42, 43, 45, 46, 48, 50, 52, 54, 56, 58, 60, 62, 66, 67, 69, 71, 72, 74, 76, 77, 79, 83, 89, 95, 96, 97, 98, 100, 101, 102, 108, 110, 115, 116, 117, 118, 119, 120, 121, 122, 123, 124, 125, 129, 130, 131, 133, 134, 135, 138, 139, 140, 142, 145, 147, 152, 153, 154, 155, 156, 157, 158, 159, 181, 182, 183, 185, 188, 190, 191, 192, 193, 200, 202, 203, 204, 205, 211, 213, 218, 219, 221, 223, 226, 227], "summary": {"covered_lines": 98, "num_statements": 118, "percent_covered": 83.05084745762711, "percent_covered_display": "83", "missing_lines": 20, "excluded_lines": 0, "percent_statements_covered": 83.05084745762711, "percent_statements_covered_display": "83"}, "missing_lines": [127, 164, 166, 167, 168, 169, 170, 171, 172, 173, 178, 195, 196, 197, 206, 207, 208, 220, 222, 224], "excluded_lines": [], "functions": {"QuickResult.__init__": {"executed_lines": [30, 31, 32], "summary": {"covered_lines": 3, "num_statements": 3, "percent_covered": 100.0, "percent_covered_display": "100", "missing_lines": 0, "excluded_lines": 0, "percent_statements_covered": 100.0, "percent_statements_covered_display": "100"}, "missing_lines": [], "excluded_lines": [], "start_line": 24}, "QuickResult.__getitem__": {"executed_lines": [37], "summary": {"covered_lines": 1, "num_statements": 1, "percent_covered": 100.0, "percent_covered_display": "100", "missing_lines": 0, "excluded_lines": 0, "percent_statements_covered": 100.0, "percent_statements_covered_display": "100"}, "missing_lines": [], "excluded_lines": [], "start_line": 36}, "QuickResult.__contains__": {"executed_lines": [40], "summary": {"covered_lines": 1, "num_statements": 1, "percent_covered": 100.0, "percent_covered_display": "100", "missing_lines": 0, "excluded_lines": 0, "percent_statements_covered": 100.0, "percent_statements_covered_display": "100"}, "missing_lines": [], "excluded_lines": [], "start_line": 39}, "QuickResult.__iter__": {"executed_lines": [43], "summary": {"covered_lines": 1, "num_statements": 1, "percent_covered": 100.0, "percent_covered_display": "100", "missing_lines": 0, "excluded_lines": 0, "percent_statements_covered": 100.0, "percent_statements_covered_display": "100"}, "missing_lines": [], "excluded_lines": [], "start_line": 42}, "QuickResult.__len__": {"executed_lines": [46], "summary": {"covered_lines": 1, "num_statements": 1, "percent_covered": 100.0, "percent_covered_display": "100", "missing_lines": 0, "excluded_lines": 0, "percent_statements_covered": 100.0, "percent_statements_covered_display": "100"}, "missing_lines": [], "excluded_lines": [], "start_line": 45}, "QuickResult.keys": {"executed_lines": [50], "summary": {"covered_lines": 1, "num_statements": 1, "percent_covered": 100.0, "percent_covered_display": "100", "missing_lines": 0, "excluded_lines": 0, "percent_statements_covered": 100.0, "percent_statements_covered_display": "100"}, "missing_lines": [], "excluded_lines": [], "start_line": 48}, "QuickResult.values": {"executed_lines": [54], "summary": {"covered_lines": 1, "num_statements": 1, "percent_covered": 100.0, "percent_covered_display": "100", "missing_lines": 0, "excluded_lines": 0, "percent_statements_covered": 100.0, "percent_statements_covered_display": "100"}, "missing_lines": [], "excluded_lines": [], "start_line": 52}, "QuickResult.items": {"executed_lines": [58], "summary": {"covered_lines": 1, "num_statements": 1, "percent_covered": 100.0, "percent_covered_display": "100", "missing_lines": 0, "excluded_lines": 0, "percent_statements_covered": 100.0, "percent_statements_covered_display": "100"}, "missing_lines": [], "excluded_lines": [], "start_line": 56}, "QuickResult.get": {"executed_lines": [62], "summary": {"covered_lines": 1, "num_statements": 1, "percent_covered": 100.0, "percent_covered_display": "100", "missing_lines": 0, "excluded_lines": 0, "percent_statements_covered": 100.0, "percent_statements_covered_display": "100"}, "missing_lines": [], "excluded_lines": [], "start_line": 60}, "QuickResult.data": {"executed_lines": [69], "summary": {"covered_lines": 1, "num_statements": 1, "percent_covered": 100.0, "percent_covered_display": "100", "missing_lines": 0, "excluded_lines": 0, "percent_statements_covered": 100.0, "percent_statements_covered_display": "100"}, "missing_lines": [], "excluded_lines": [], "start_line": 67}, "QuickResult.method": {"executed_lines": [74], "summary": {"covered_lines": 1, "num_statements": 1, "percent_covered": 100.0, "percent_covered_display": "100", "missing_lines": 0, "excluded_lines": 0, "percent_statements_covered": 100.0, "percent_statements_covered_display": "100"}, "missing_lines": [], "excluded_lines": [], "start_line": 72}, "QuickResult.metadata": {"executed_lines": [79], "summary": {"covered_lines": 1, "num_statements": 1, "percent_covered": 100.0, "percent_covered_display": "100", "missing_lines": 0, "excluded_lines": 0, "percent_statements_covered": 100.0, "percent_statements_covered_display": "100"}, "missing_lines": [], "excluded_lines": [], "start_line": 77}, "QuickResult.report": {"executed_lines": [89, 95, 96, 97, 98], "summary": {"covered_lines": 5, "num_statements": 5, "percent_covered": 100.0, "percent_covered_display": "100", "missing_lines": 0, "excluded_lines": 0, "percent_statements_covered": 100.0, "percent_statements_covered_display": "100"}, "missing_lines": [], "excluded_lines": [], "start_line": 83}, "QuickResult.__repr__": {"executed_lines": [101, 102], "summary": {"covered_lines": 2, "num_statements": 2, "percent_covered": 100.0, "percent_covered_display": "100", "missing_lines": 0, "excluded_lines": 0, "percent_statements_covered": 100.0, "percent_statements_covered_display": "100"}, "missing_lines": [], "excluded_lines": [], "start_line": 100}, "_report_seurat": {"executed_lines": [110, 115, 116, 117, 118, 119, 120, 121, 122, 123, 124, 125, 129, 130, 131, 133, 134, 135, 138, 139, 140, 142], "summary": {"covered_lines": 22, "num_statements": 23, "percent_covered": 95.65217391304348, "percent_covered_display": "96", "missing_lines": 1, "excluded_lines": 0, "percent_statements_covered": 95.65217391304348, "percent_statements_covered_display": "96"}, "missing_lines": [127], "excluded_lines": [], "start_line": 108}, "_report_phyloseq": {"executed_lines": [147, 152, 153, 154, 155, 156, 157, 158, 159, 181, 182, 183, 185], "summary": {"covered_lines": 13, "num_statements": 23, "percent_covered": 56.52173913043478, "percent_covered_display": "57", "missing_lines": 10, "excluded_lines": 0, "percent_statements_covered": 56.52173913043478, "percent_statements_covered_display": "57"}, "missing_lines": [164, 166, 167, 168, 169, 170, 171, 172, 173, 178], "excluded_lines": [], "start_line": 145}, "_report_deseq2": {"executed_lines": [190, 191, 192, 193], "summary": {"covered_lines": 4, "num_statements": 7, "percent_covered": 57.142857142857146, "percent_covered_display": "57", "missing_lines": 3, "excluded_lines": 0, "percent_statements_covered": 57.142857142857146, "percent_statements_covered_display": "57"}, "missing_lines": [195, 196, 197], "excluded_lines": [], "start_line": 188}, "_report_edger": {"executed_lines": [202, 203, 204, 205], "summary": {"covered_lines": 4, "num_statements": 7, "percent_covered": 57.142857142857146, "percent_covered_display": "57", "missing_lines": 3, "excluded_lines": 0, "percent_statements_covered": 57.142857142857146, "percent_statements_covered_display": "57"}, "missing_lines": [206, 207, 208], "excluded_lines": [], "start_line": 200}, "_report_generic": {"executed_lines": [213, 218, 219, 221, 223, 226, 227], "summary": {"covered_lines": 7, "num_statements": 10, "percent_covered": 70.0, "percent_covered_display": "70", "missing_lines": 3, "excluded_lines": 0, "percent_statements_covered": 70.0, "percent_statements_covered_display": "70"}, "missing_lines": [220, 222, 224], "excluded_lines": [], "start_line": 211}, "": {"executed_lines": [3, 5, 7, 9, 12, 24, 36, 39, 42, 45, 48, 52, 56, 60, 66, 67, 71, 72, 76, 77, 83, 100, 108, 145, 188, 200, 211], "summary": {"covered_lines": 27, "num_statements": 27, "percent_covered": 100.0, "percent_covered_display": "100", "missing_lines": 0, "excluded_lines": 0, "percent_statements_covered": 100.0, "percent_statements_covered_display": "100"}, "missing_lines": [], "excluded_lines": [], "start_line": 1}}, "classes": {"QuickResult": {"executed_lines": [30, 31, 32, 37, 40, 43, 46, 50, 54, 58, 62, 69, 74, 79, 89, 95, 96, 97, 98, 101, 102], "summary": {"covered_lines": 21, "num_statements": 21, "percent_covered": 100.0, "percent_covered_display": "100", "missing_lines": 0, "excluded_lines": 0, "percent_statements_covered": 100.0, "percent_statements_covered_display": "100"}, "missing_lines": [], "excluded_lines": [], "start_line": 12}, "": {"executed_lines": [3, 5, 7, 9, 12, 24, 36, 39, 42, 45, 48, 52, 56, 60, 66, 67, 71, 72, 76, 77, 83, 100, 108, 110, 115, 116, 117, 118, 119, 120, 121, 122, 123, 124, 125, 129, 130, 131, 133, 134, 135, 138, 139, 140, 142, 145, 147, 152, 153, 154, 155, 156, 157, 158, 159, 181, 182, 183, 185, 188, 190, 191, 192, 193, 200, 202, 203, 204, 205, 211, 213, 218, 219, 221, 223, 226, 227], "summary": {"covered_lines": 77, "num_statements": 97, "percent_covered": 79.38144329896907, "percent_covered_display": "79", "missing_lines": 20, "excluded_lines": 0, "percent_statements_covered": 79.38144329896907, "percent_statements_covered_display": "79"}, "missing_lines": [127, 164, 166, 167, 168, 169, 170, 171, 172, 173, 178, 195, 196, 197, 206, 207, 208, 220, 222, 224], "excluded_lines": [], "start_line": 1}}}, "rosetta/results.py": {"executed_lines": [3, 5, 8, 11, 13, 14, 15, 17, 23, 24, 25, 27, 33, 34, 39, 42, 47, 48, 53, 56, 58, 59, 60, 61, 62, 64, 65, 69, 70, 71, 74, 75, 76, 77, 78, 79, 80, 82, 90, 91, 92, 95, 96, 97, 98, 99, 100, 101, 103, 111, 112, 113, 116, 137, 138, 139, 140, 142, 148, 149, 150, 151, 152, 153, 154], "summary": {"covered_lines": 65, "num_statements": 81, "percent_covered": 80.24691358024691, "percent_covered_display": "80", "missing_lines": 16, "excluded_lines": 0, "percent_statements_covered": 80.24691358024691, "percent_statements_covered_display": "80"}, "missing_lines": [35, 36, 49, 50, 63, 67, 117, 118, 119, 120, 121, 122, 124, 132, 133, 134], "excluded_lines": [], "functions": {"RosettaDataFrame._constructor": {"executed_lines": [15], "summary": {"covered_lines": 1, "num_statements": 1, "percent_covered": 100.0, "percent_covered_display": "100", "missing_lines": 0, "excluded_lines": 0, "percent_statements_covered": 100.0, "percent_statements_covered_display": "100"}, "missing_lines": [], "excluded_lines": [], "start_line": 14}, "RosettaDataFrame.report": {"executed_lines": [23, 24, 25], "summary": {"covered_lines": 3, "num_statements": 3, "percent_covered": 100.0, "percent_covered_display": "100", "missing_lines": 0, "excluded_lines": 0, "percent_statements_covered": 100.0, "percent_statements_covered_display": "100"}, "missing_lines": [], "excluded_lines": [], "start_line": 17}, "RosettaDataFrame.volcano": {"executed_lines": [33, 34, 39], "summary": {"covered_lines": 3, "num_statements": 5, "percent_covered": 60.0, "percent_covered_display": "60", "missing_lines": 2, "excluded_lines": 0, "percent_statements_covered": 60.0, "percent_statements_covered_display": "60"}, "missing_lines": [35, 36], "excluded_lines": [], "start_line": 27}, "RosettaDataFrame.ma_plot": {"executed_lines": [47, 48, 53], "summary": {"covered_lines": 3, "num_statements": 5, "percent_covered": 60.0, "percent_covered_display": "60", "missing_lines": 2, "excluded_lines": 0, "percent_statements_covered": 60.0, "percent_statements_covered_display": "60"}, "missing_lines": [49, 50], "excluded_lines": [], "start_line": 42}, "_build_report": {"executed_lines": [58, 59, 60, 61, 62, 64, 65, 69, 70, 71], "summary": {"covered_lines": 10, "num_statements": 12, "percent_covered": 83.33333333333333, "percent_covered_display": "83", "missing_lines": 2, "excluded_lines": 0, "percent_statements_covered": 83.33333333333333, "percent_statements_covered_display": "83"}, "missing_lines": [63, 67], "excluded_lines": [], "start_line": 56}, "_report_deseq2": {"executed_lines": [75, 76, 77, 78, 79, 80, 82, 90, 91, 92], "summary": {"covered_lines": 10, "num_statements": 10, "percent_covered": 100.0, "percent_covered_display": "100", "missing_lines": 0, "excluded_lines": 0, "percent_statements_covered": 100.0, "percent_statements_covered_display": "100"}, "missing_lines": [], "excluded_lines": [], "start_line": 74}, "_report_edger": {"executed_lines": [96, 97, 98, 99, 100, 101, 103, 111, 112, 113], "summary": {"covered_lines": 10, "num_statements": 10, "percent_covered": 100.0, "percent_covered_display": "100", "missing_lines": 0, "excluded_lines": 0, "percent_statements_covered": 100.0, "percent_statements_covered_display": "100"}, "missing_lines": [], "excluded_lines": [], "start_line": 95}, "_report_limma": {"executed_lines": [], "summary": {"covered_lines": 0, "num_statements": 10, "percent_covered": 0.0, "percent_covered_display": "0", "missing_lines": 10, "excluded_lines": 0, "percent_statements_covered": 0.0, "percent_statements_covered_display": "0"}, "missing_lines": [117, 118, 119, 120, 121, 122, 124, 132, 133, 134], "excluded_lines": [], "start_line": 116}, "_report_enrichment": {"executed_lines": [138, 139, 140, 142, 148, 149, 150, 151, 152, 153, 154], "summary": {"covered_lines": 11, "num_statements": 11, "percent_covered": 100.0, "percent_covered_display": "100", "missing_lines": 0, "excluded_lines": 0, "percent_statements_covered": 100.0, "percent_statements_covered_display": "100"}, "missing_lines": [], "excluded_lines": [], "start_line": 137}, "": {"executed_lines": [3, 5, 8, 11, 13, 14, 17, 27, 42, 56, 74, 95, 116, 137], "summary": {"covered_lines": 14, "num_statements": 14, "percent_covered": 100.0, "percent_covered_display": "100", "missing_lines": 0, "excluded_lines": 0, "percent_statements_covered": 100.0, "percent_statements_covered_display": "100"}, "missing_lines": [], "excluded_lines": [], "start_line": 1}}, "classes": {"RosettaDataFrame": {"executed_lines": [15, 23, 24, 25, 33, 34, 39, 47, 48, 53], "summary": {"covered_lines": 10, "num_statements": 14, "percent_covered": 71.42857142857143, "percent_covered_display": "71", "missing_lines": 4, "excluded_lines": 0, "percent_statements_covered": 71.42857142857143, "percent_statements_covered_display": "71"}, "missing_lines": [35, 36, 49, 50], "excluded_lines": [], "start_line": 8}, "": {"executed_lines": [3, 5, 8, 11, 13, 14, 17, 27, 42, 56, 58, 59, 60, 61, 62, 64, 65, 69, 70, 71, 74, 75, 76, 77, 78, 79, 80, 82, 90, 91, 92, 95, 96, 97, 98, 99, 100, 101, 103, 111, 112, 113, 116, 137, 138, 139, 140, 142, 148, 149, 150, 151, 152, 153, 154], "summary": {"covered_lines": 55, "num_statements": 67, "percent_covered": 82.08955223880596, "percent_covered_display": "82", "missing_lines": 12, "excluded_lines": 0, "percent_statements_covered": 82.08955223880596, "percent_statements_covered_display": "82"}, "missing_lines": [63, 67, 117, 118, 119, 120, 121, 122, 124, 132, 133, 134], "excluded_lines": [], "start_line": 1}}}, "rosetta/sklearn_compat.py": {"executed_lines": [26, 28, 29, 30, 32, 35, 36, 37, 45, 48, 72, 73, 74, 75, 76, 77, 78, 79, 82, 83, 89, 91, 92, 93, 94, 96, 106, 107, 109, 110, 115, 116, 118, 120, 122, 123, 125, 127, 128, 129, 132, 133, 143, 144, 145, 146, 152, 153, 154, 155, 157, 158, 159, 160, 161, 163, 164, 165, 170, 172, 173, 174, 175, 178, 179, 180, 182, 183, 184, 188, 191, 192, 196, 212, 215, 216, 217, 219, 220, 221, 222, 224, 232, 233, 237, 247, 254, 255, 256, 259, 269, 276, 277, 278], "summary": {"covered_lines": 94, "num_statements": 107, "percent_covered": 87.85046728971963, "percent_covered_display": "88", "missing_lines": 13, "excluded_lines": 0, "percent_statements_covered": 87.85046728971963, "percent_statements_covered_display": "88"}, "missing_lines": [38, 39, 176, 185, 189, 193, 225, 226, 234, 248, 249, 270, 271], "excluded_lines": [], "functions": {"_check_sklearn": {"executed_lines": [36, 37], "summary": {"covered_lines": 2, "num_statements": 4, "percent_covered": 50.0, "percent_covered_display": "50", "missing_lines": 2, "excluded_lines": 0, "percent_statements_covered": 50.0, "percent_statements_covered_display": "50"}, "missing_lines": [38, 39], "excluded_lines": [], "start_line": 35}, "_BaseRosettaTransformer.__init__": {"executed_lines": [72, 73, 74, 75, 76, 77, 78, 79, 82, 83], "summary": {"covered_lines": 10, "num_statements": 10, "percent_covered": 100.0, "percent_covered_display": "100", "missing_lines": 0, "excluded_lines": 0, "percent_statements_covered": 100.0, "percent_statements_covered_display": "100"}, "missing_lines": [], "excluded_lines": [], "start_line": 48}, "_BaseRosettaTransformer.fit": {"executed_lines": [91, 92, 93, 94], "summary": {"covered_lines": 4, "num_statements": 4, "percent_covered": 100.0, "percent_covered_display": "100", "missing_lines": 0, "excluded_lines": 0, "percent_statements_covered": 100.0, "percent_statements_covered_display": "100"}, "missing_lines": [], "excluded_lines": [], "start_line": 89}, "_BaseRosettaTransformer.transform": {"executed_lines": [106, 107, 109, 110, 115, 116, 118, 120], "summary": {"covered_lines": 8, "num_statements": 8, "percent_covered": 100.0, "percent_covered_display": "100", "missing_lines": 0, "excluded_lines": 0, "percent_statements_covered": 100.0, "percent_statements_covered_display": "100"}, "missing_lines": [], "excluded_lines": [], "start_line": 96}, "_BaseRosettaTransformer.fit_transform": {"executed_lines": [123], "summary": {"covered_lines": 1, "num_statements": 1, "percent_covered": 100.0, "percent_covered_display": "100", "missing_lines": 0, "excluded_lines": 0, "percent_statements_covered": 100.0, "percent_statements_covered_display": "100"}, "missing_lines": [], "excluded_lines": [], "start_line": 122}, "_BaseRosettaTransformer.get_feature_names_out": {"executed_lines": [127, 128, 129], "summary": {"covered_lines": 3, "num_statements": 3, "percent_covered": 100.0, "percent_covered_display": "100", "missing_lines": 0, "excluded_lines": 0, "percent_statements_covered": 100.0, "percent_statements_covered_display": "100"}, "missing_lines": [], "excluded_lines": [], "start_line": 125}, "_BaseRosettaTransformer.get_params": {"executed_lines": [133], "summary": {"covered_lines": 1, "num_statements": 1, "percent_covered": 100.0, "percent_covered_display": "100", "missing_lines": 0, "excluded_lines": 0, "percent_statements_covered": 100.0, "percent_statements_covered_display": "100"}, "missing_lines": [], "excluded_lines": [], "start_line": 132}, "_BaseRosettaTransformer.set_params": {"executed_lines": [144, 145, 146], "summary": {"covered_lines": 3, "num_statements": 3, "percent_covered": 100.0, "percent_covered_display": "100", "missing_lines": 0, "excluded_lines": 0, "percent_statements_covered": 100.0, "percent_statements_covered_display": "100"}, "missing_lines": [], "excluded_lines": [], "start_line": 143}, "_BaseRosettaTransformer._select_genes": {"executed_lines": [153, 154, 155, 157, 158, 159, 160, 161, 163, 164, 165, 170], "summary": {"covered_lines": 12, "num_statements": 12, "percent_covered": 100.0, "percent_covered_display": "100", "missing_lines": 0, "excluded_lines": 0, "percent_statements_covered": 100.0, "percent_statements_covered_display": "100"}, "missing_lines": [], "excluded_lines": [], "start_line": 152}, "_BaseRosettaTransformer._padj_col": {"executed_lines": [173, 174, 175], "summary": {"covered_lines": 3, "num_statements": 4, "percent_covered": 75.0, "percent_covered_display": "75", "missing_lines": 1, "excluded_lines": 0, "percent_statements_covered": 75.0, "percent_statements_covered_display": "75"}, "missing_lines": [176], "excluded_lines": [], "start_line": 172}, "_BaseRosettaTransformer._value_col": {"executed_lines": [179, 180, 182, 183, 184], "summary": {"covered_lines": 5, "num_statements": 6, "percent_covered": 83.33333333333333, "percent_covered_display": "83", "missing_lines": 1, "excluded_lines": 0, "percent_statements_covered": 83.33333333333333, "percent_statements_covered_display": "83"}, "missing_lines": [185], "excluded_lines": [], "start_line": 178}, "_BaseRosettaTransformer._run_de": {"executed_lines": [], "summary": {"covered_lines": 0, "num_statements": 1, "percent_covered": 0.0, "percent_covered_display": "0", "missing_lines": 1, "excluded_lines": 0, "percent_statements_covered": 0.0, "percent_statements_covered_display": "0"}, "missing_lines": [189], "excluded_lines": [], "start_line": 188}, "_BaseRosettaTransformer._method_name": {"executed_lines": [], "summary": {"covered_lines": 0, "num_statements": 1, "percent_covered": 0.0, "percent_covered_display": "0", "missing_lines": 1, "excluded_lines": 0, "percent_statements_covered": 0.0, "percent_statements_covered_display": "0"}, "missing_lines": [193], "excluded_lines": [], "start_line": 192}, "DESeq2Transformer.__init__": {"executed_lines": [215, 216, 217], "summary": {"covered_lines": 3, "num_statements": 3, "percent_covered": 100.0, "percent_covered_display": "100", "missing_lines": 0, "excluded_lines": 0, "percent_statements_covered": 100.0, "percent_statements_covered_display": "100"}, "missing_lines": [], "excluded_lines": [], "start_line": 212}, "DESeq2Transformer.get_params": {"executed_lines": [220, 221, 222], "summary": {"covered_lines": 3, "num_statements": 3, "percent_covered": 100.0, "percent_covered_display": "100", "missing_lines": 0, "excluded_lines": 0, "percent_statements_covered": 100.0, "percent_statements_covered_display": "100"}, "missing_lines": [], "excluded_lines": [], "start_line": 219}, "DESeq2Transformer._run_de": {"executed_lines": [], "summary": {"covered_lines": 0, "num_statements": 2, "percent_covered": 0.0, "percent_covered_display": "0", "missing_lines": 2, "excluded_lines": 0, "percent_statements_covered": 0.0, "percent_statements_covered_display": "0"}, "missing_lines": [225, 226], "excluded_lines": [], "start_line": 224}, "DESeq2Transformer._method_name": {"executed_lines": [], "summary": {"covered_lines": 0, "num_statements": 1, "percent_covered": 0.0, "percent_covered_display": "0", "missing_lines": 1, "excluded_lines": 0, "percent_statements_covered": 0.0, "percent_statements_covered_display": "0"}, "missing_lines": [234], "excluded_lines": [], "start_line": 233}, "EdgeRTransformer._run_de": {"executed_lines": [], "summary": {"covered_lines": 0, "num_statements": 2, "percent_covered": 0.0, "percent_covered_display": "0", "missing_lines": 2, "excluded_lines": 0, "percent_statements_covered": 0.0, "percent_statements_covered_display": "0"}, "missing_lines": [248, 249], "excluded_lines": [], "start_line": 247}, "EdgeRTransformer._method_name": {"executed_lines": [256], "summary": {"covered_lines": 1, "num_statements": 1, "percent_covered": 100.0, "percent_covered_display": "100", "missing_lines": 0, "excluded_lines": 0, "percent_statements_covered": 100.0, "percent_statements_covered_display": "100"}, "missing_lines": [], "excluded_lines": [], "start_line": 255}, "LimmaTransformer._run_de": {"executed_lines": [], "summary": {"covered_lines": 0, "num_statements": 2, "percent_covered": 0.0, "percent_covered_display": "0", "missing_lines": 2, "excluded_lines": 0, "percent_statements_covered": 0.0, "percent_statements_covered_display": "0"}, "missing_lines": [270, 271], "excluded_lines": [], "start_line": 269}, "LimmaTransformer._method_name": {"executed_lines": [278], "summary": {"covered_lines": 1, "num_statements": 1, "percent_covered": 100.0, "percent_covered_display": "100", "missing_lines": 0, "excluded_lines": 0, "percent_statements_covered": 100.0, "percent_statements_covered_display": "100"}, "missing_lines": [], "excluded_lines": [], "start_line": 277}, "": {"executed_lines": [26, 28, 29, 30, 32, 35, 45, 48, 89, 96, 122, 125, 132, 143, 152, 172, 178, 188, 191, 192, 196, 212, 219, 224, 232, 233, 237, 247, 254, 255, 259, 269, 276, 277], "summary": {"covered_lines": 34, "num_statements": 34, "percent_covered": 100.0, "percent_covered_display": "100", "missing_lines": 0, "excluded_lines": 0, "percent_statements_covered": 100.0, "percent_statements_covered_display": "100"}, "missing_lines": [], "excluded_lines": [], "start_line": 1}}, "classes": {"_BaseRosettaTransformer": {"executed_lines": [72, 73, 74, 75, 76, 77, 78, 79, 82, 83, 91, 92, 93, 94, 106, 107, 109, 110, 115, 116, 118, 120, 123, 127, 128, 129, 133, 144, 145, 146, 153, 154, 155, 157, 158, 159, 160, 161, 163, 164, 165, 170, 173, 174, 175, 179, 180, 182, 183, 184], "summary": {"covered_lines": 50, "num_statements": 54, "percent_covered": 92.5925925925926, "percent_covered_display": "93", "missing_lines": 4, "excluded_lines": 0, "percent_statements_covered": 92.5925925925926, "percent_statements_covered_display": "93"}, "missing_lines": [176, 185, 189, 193], "excluded_lines": [], "start_line": 45}, "DESeq2Transformer": {"executed_lines": [215, 216, 217, 220, 221, 222], "summary": {"covered_lines": 6, "num_statements": 9, "percent_covered": 66.66666666666667, "percent_covered_display": "67", "missing_lines": 3, "excluded_lines": 0, "percent_statements_covered": 66.66666666666667, "percent_statements_covered_display": "67"}, "missing_lines": [225, 226, 234], "excluded_lines": [], "start_line": 196}, "EdgeRTransformer": {"executed_lines": [256], "summary": {"covered_lines": 1, "num_statements": 3, "percent_covered": 33.333333333333336, "percent_covered_display": "33", "missing_lines": 2, "excluded_lines": 0, "percent_statements_covered": 33.333333333333336, "percent_statements_covered_display": "33"}, "missing_lines": [248, 249], "excluded_lines": [], "start_line": 237}, "LimmaTransformer": {"executed_lines": [278], "summary": {"covered_lines": 1, "num_statements": 3, "percent_covered": 33.333333333333336, "percent_covered_display": "33", "missing_lines": 2, "excluded_lines": 0, "percent_statements_covered": 33.333333333333336, "percent_statements_covered_display": "33"}, "missing_lines": [270, 271], "excluded_lines": [], "start_line": 259}, "": {"executed_lines": [26, 28, 29, 30, 32, 35, 36, 37, 45, 48, 89, 96, 122, 125, 132, 143, 152, 172, 178, 188, 191, 192, 196, 212, 219, 224, 232, 233, 237, 247, 254, 255, 259, 269, 276, 277], "summary": {"covered_lines": 36, "num_statements": 38, "percent_covered": 94.73684210526316, "percent_covered_display": "95", "missing_lines": 2, "excluded_lines": 0, "percent_statements_covered": 94.73684210526316, "percent_statements_covered_display": "95"}, "missing_lines": [38, 39], "excluded_lines": [], "start_line": 1}}}, "rosetta/sklearn_pipeline.py": {"executed_lines": [3, 4, 5, 6, 7, 8, 10, 11, 12, 15, 24, 36, 73, 84, 93, 105, 159], "summary": {"covered_lines": 17, "num_statements": 95, "percent_covered": 17.894736842105264, "percent_covered_display": "18", "missing_lines": 78, "excluded_lines": 0, "percent_statements_covered": 17.894736842105264, "percent_statements_covered_display": "18"}, "missing_lines": [31, 32, 33, 34, 38, 39, 40, 42, 43, 46, 47, 48, 49, 52, 54, 55, 56, 58, 59, 60, 63, 64, 65, 67, 68, 69, 71, 75, 77, 78, 79, 81, 100, 101, 102, 103, 107, 108, 110, 111, 113, 114, 117, 118, 119, 120, 123, 125, 126, 128, 129, 130, 131, 135, 136, 137, 139, 140, 141, 142, 144, 145, 146, 147, 148, 149, 150, 151, 154, 155, 157, 161, 163, 164, 166, 167, 168, 170], "excluded_lines": [], "functions": {"DESeq2Transformer.__init__": {"executed_lines": [], "summary": {"covered_lines": 0, "num_statements": 4, "percent_covered": 0.0, "percent_covered_display": "0", "missing_lines": 4, "excluded_lines": 0, "percent_statements_covered": 0.0, "percent_statements_covered_display": "0"}, "missing_lines": [31, 32, 33, 34], "excluded_lines": [], "start_line": 24}, "DESeq2Transformer.fit": {"executed_lines": [], "summary": {"covered_lines": 0, "num_statements": 23, "percent_covered": 0.0, "percent_covered_display": "0", "missing_lines": 23, "excluded_lines": 0, "percent_statements_covered": 0.0, "percent_statements_covered_display": "0"}, "missing_lines": [38, 39, 40, 42, 43, 46, 47, 48, 49, 52, 54, 55, 56, 58, 59, 60, 63, 64, 65, 67, 68, 69, 71], "excluded_lines": [], "start_line": 36}, "DESeq2Transformer.transform": {"executed_lines": [], "summary": {"covered_lines": 0, "num_statements": 5, "percent_covered": 0.0, "percent_covered_display": "0", "missing_lines": 5, "excluded_lines": 0, "percent_statements_covered": 0.0, "percent_statements_covered_display": "0"}, "missing_lines": [75, 77, 78, 79, 81], "excluded_lines": [], "start_line": 73}, "EdgeRTransformer.__init__": {"executed_lines": [], "summary": {"covered_lines": 0, "num_statements": 4, "percent_covered": 0.0, "percent_covered_display": "0", "missing_lines": 4, "excluded_lines": 0, "percent_statements_covered": 0.0, "percent_statements_covered_display": "0"}, "missing_lines": [100, 101, 102, 103], "excluded_lines": [], "start_line": 93}, "EdgeRTransformer.fit": {"executed_lines": [], "summary": {"covered_lines": 0, "num_statements": 35, "percent_covered": 0.0, "percent_covered_display": "0", "missing_lines": 35, "excluded_lines": 0, "percent_statements_covered": 0.0, "percent_statements_covered_display": "0"}, "missing_lines": [107, 108, 110, 111, 113, 114, 117, 118, 119, 120, 123, 125, 126, 128, 129, 130, 131, 135, 136, 137, 139, 140, 141, 142, 144, 145, 146, 147, 148, 149, 150, 151, 154, 155, 157], "excluded_lines": [], "start_line": 105}, "EdgeRTransformer.transform": {"executed_lines": [], "summary": {"covered_lines": 0, "num_statements": 7, "percent_covered": 0.0, "percent_covered_display": "0", "missing_lines": 7, "excluded_lines": 0, "percent_statements_covered": 0.0, "percent_statements_covered_display": "0"}, "missing_lines": [161, 163, 164, 166, 167, 168, 170], "excluded_lines": [], "start_line": 159}, "": {"executed_lines": [3, 4, 5, 6, 7, 8, 10, 11, 12, 15, 24, 36, 73, 84, 93, 105, 159], "summary": {"covered_lines": 17, "num_statements": 17, "percent_covered": 100.0, "percent_covered_display": "100", "missing_lines": 0, "excluded_lines": 0, "percent_statements_covered": 100.0, "percent_statements_covered_display": "100"}, "missing_lines": [], "excluded_lines": [], "start_line": 1}}, "classes": {"DESeq2Transformer": {"executed_lines": [], "summary": {"covered_lines": 0, "num_statements": 32, "percent_covered": 0.0, "percent_covered_display": "0", "missing_lines": 32, "excluded_lines": 0, "percent_statements_covered": 0.0, "percent_statements_covered_display": "0"}, "missing_lines": [31, 32, 33, 34, 38, 39, 40, 42, 43, 46, 47, 48, 49, 52, 54, 55, 56, 58, 59, 60, 63, 64, 65, 67, 68, 69, 71, 75, 77, 78, 79, 81], "excluded_lines": [], "start_line": 15}, "EdgeRTransformer": {"executed_lines": [], "summary": {"covered_lines": 0, "num_statements": 46, "percent_covered": 0.0, "percent_covered_display": "0", "missing_lines": 46, "excluded_lines": 0, "percent_statements_covered": 0.0, "percent_statements_covered_display": "0"}, "missing_lines": [100, 101, 102, 103, 107, 108, 110, 111, 113, 114, 117, 118, 119, 120, 123, 125, 126, 128, 129, 130, 131, 135, 136, 137, 139, 140, 141, 142, 144, 145, 146, 147, 148, 149, 150, 151, 154, 155, 157, 161, 163, 164, 166, 167, 168, 170], "excluded_lines": [], "start_line": 84}, "": {"executed_lines": [3, 4, 5, 6, 7, 8, 10, 11, 12, 15, 24, 36, 73, 84, 93, 105, 159], "summary": {"covered_lines": 17, "num_statements": 17, "percent_covered": 100.0, "percent_covered_display": "100", "missing_lines": 0, "excluded_lines": 0, "percent_statements_covered": 100.0, "percent_statements_covered_display": "100"}, "missing_lines": [], "excluded_lines": [], "start_line": 1}}}, "rosetta/stats/__init__.py": {"executed_lines": [], "summary": {"covered_lines": 0, "num_statements": 0, "percent_covered": 100.0, "percent_covered_display": "100", "missing_lines": 0, "excluded_lines": 0, "percent_statements_covered": 100.0, "percent_statements_covered_display": "100"}, "missing_lines": [], "excluded_lines": [], "functions": {"": {"executed_lines": [], "summary": {"covered_lines": 0, "num_statements": 0, "percent_covered": 100.0, "percent_covered_display": "100", "missing_lines": 0, "excluded_lines": 0, "percent_statements_covered": 100.0, "percent_statements_covered_display": "100"}, "missing_lines": [], "excluded_lines": [], "start_line": 1}}, "classes": {"": {"executed_lines": [], "summary": {"covered_lines": 0, "num_statements": 0, "percent_covered": 100.0, "percent_covered_display": "100", "missing_lines": 0, "excluded_lines": 0, "percent_statements_covered": 100.0, "percent_statements_covered_display": "100"}, "missing_lines": [], "excluded_lines": [], "start_line": 1}}}, "rosetta/stats/decide.py": {"executed_lines": [3, 6, 7, 11, 26, 28, 29, 35], "summary": {"covered_lines": 8, "num_statements": 11, "percent_covered": 72.72727272727273, "percent_covered_display": "73", "missing_lines": 3, "excluded_lines": 0, "percent_statements_covered": 72.72727272727273, "percent_statements_covered_display": "73"}, "missing_lines": [9, 36, 37], "excluded_lines": [], "functions": {"run_decide_tests": {"executed_lines": [26, 28, 29, 35], "summary": {"covered_lines": 4, "num_statements": 6, "percent_covered": 66.66666666666667, "percent_covered_display": "67", "missing_lines": 2, "excluded_lines": 0, "percent_statements_covered": 66.66666666666667, "percent_statements_covered_display": "67"}, "missing_lines": [36, 37], "excluded_lines": [], "start_line": 11}, "": {"executed_lines": [3, 6, 7, 11], "summary": {"covered_lines": 4, "num_statements": 5, "percent_covered": 80.0, "percent_covered_display": "80", "missing_lines": 1, "excluded_lines": 0, "percent_statements_covered": 80.0, "percent_statements_covered_display": "80"}, "missing_lines": [9], "excluded_lines": [], "start_line": 1}}, "classes": {"": {"executed_lines": [3, 6, 7, 11, 26, 28, 29, 35], "summary": {"covered_lines": 8, "num_statements": 11, "percent_covered": 72.72727272727273, "percent_covered_display": "73", "missing_lines": 3, "excluded_lines": 0, "percent_statements_covered": 72.72727272727273, "percent_statements_covered_display": "73"}, "missing_lines": [9, 36, 37], "excluded_lines": [], "start_line": 1}}}, "rosetta/stats/design.py": {"executed_lines": [3, 4, 7, 8, 9, 14, 25, 27, 29, 31, 33, 34, 35], "summary": {"covered_lines": 13, "num_statements": 19, "percent_covered": 68.42105263157895, "percent_covered_display": "68", "missing_lines": 6, "excluded_lines": 0, "percent_statements_covered": 68.42105263157895, "percent_statements_covered_display": "68"}, "missing_lines": [11, 12, 26, 28, 36, 37], "excluded_lines": [], "functions": {"build_contrast_matrix": {"executed_lines": [25, 27, 29, 31, 33, 34, 35], "summary": {"covered_lines": 7, "num_statements": 11, "percent_covered": 63.63636363636363, "percent_covered_display": "64", "missing_lines": 4, "excluded_lines": 0, "percent_statements_covered": 63.63636363636363, "percent_statements_covered_display": "64"}, "missing_lines": [26, 28, 36, 37], "excluded_lines": [], "start_line": 14}, "": {"executed_lines": [3, 4, 7, 8, 9, 14], "summary": {"covered_lines": 6, "num_statements": 8, "percent_covered": 75.0, "percent_covered_display": "75", "missing_lines": 2, "excluded_lines": 0, "percent_statements_covered": 75.0, "percent_statements_covered_display": "75"}, "missing_lines": [11, 12], "excluded_lines": [], "start_line": 1}}, "classes": {"": {"executed_lines": [3, 4, 7, 8, 9, 14, 25, 27, 29, 31, 33, 34, 35], "summary": {"covered_lines": 13, "num_statements": 19, "percent_covered": 68.42105263157895, "percent_covered_display": "68", "missing_lines": 6, "excluded_lines": 0, "percent_statements_covered": 68.42105263157895, "percent_statements_covered_display": "68"}, "missing_lines": [11, 12, 26, 28, 36, 37], "excluded_lines": [], "start_line": 1}}}, "rosetta/stats/treat.py": {"executed_lines": [2, 5, 6, 10, 18, 19], "summary": {"covered_lines": 6, "num_statements": 7, "percent_covered": 85.71428571428571, "percent_covered_display": "86", "missing_lines": 1, "excluded_lines": 0, "percent_statements_covered": 85.71428571428571, "percent_statements_covered_display": "86"}, "missing_lines": [8], "excluded_lines": [], "functions": {"run_treat": {"executed_lines": [18, 19], "summary": {"covered_lines": 2, "num_statements": 2, "percent_covered": 100.0, "percent_covered_display": "100", "missing_lines": 0, "excluded_lines": 0, "percent_statements_covered": 100.0, "percent_statements_covered_display": "100"}, "missing_lines": [], "excluded_lines": [], "start_line": 10}, "": {"executed_lines": [2, 5, 6, 10], "summary": {"covered_lines": 4, "num_statements": 5, "percent_covered": 80.0, "percent_covered_display": "80", "missing_lines": 1, "excluded_lines": 0, "percent_statements_covered": 80.0, "percent_statements_covered_display": "80"}, "missing_lines": [8], "excluded_lines": [], "start_line": 1}}, "classes": {"": {"executed_lines": [2, 5, 6, 10, 18, 19], "summary": {"covered_lines": 6, "num_statements": 7, "percent_covered": 85.71428571428571, "percent_covered_display": "86", "missing_lines": 1, "excluded_lines": 0, "percent_statements_covered": 85.71428571428571, "percent_statements_covered_display": "86"}, "missing_lines": [8], "excluded_lines": [], "start_line": 1}}}, "rosetta/utils/__init__.py": {"executed_lines": [2, 4], "summary": {"covered_lines": 2, "num_statements": 2, "percent_covered": 100.0, "percent_covered_display": "100", "missing_lines": 0, "excluded_lines": 0, "percent_statements_covered": 100.0, "percent_statements_covered_display": "100"}, "missing_lines": [], "excluded_lines": [], "functions": {"": {"executed_lines": [2, 4], "summary": {"covered_lines": 2, "num_statements": 2, "percent_covered": 100.0, "percent_covered_display": "100", "missing_lines": 0, "excluded_lines": 0, "percent_statements_covered": 100.0, "percent_statements_covered_display": "100"}, "missing_lines": [], "excluded_lines": [], "start_line": 1}}, "classes": {"": {"executed_lines": [2, 4], "summary": {"covered_lines": 2, "num_statements": 2, "percent_covered": 100.0, "percent_covered_display": "100", "missing_lines": 0, "excluded_lines": 0, "percent_statements_covered": 100.0, "percent_statements_covered_display": "100"}, "missing_lines": [], "excluded_lines": [], "start_line": 1}}}, "rosetta/utils/kwargs.py": {"executed_lines": [1, 3, 4, 8, 12, 13, 14, 15, 16, 18, 19, 20, 21, 23, 24, 31, 32, 33, 37, 39], "summary": {"covered_lines": 20, "num_statements": 29, "percent_covered": 68.96551724137932, "percent_covered_display": "69", "missing_lines": 9, "excluded_lines": 0, "percent_statements_covered": 68.96551724137932, "percent_statements_covered_display": "69"}, "missing_lines": [5, 6, 22, 25, 26, 27, 28, 30, 35], "excluded_lines": [], "functions": {"filter_kwargs": {"executed_lines": [12, 13, 14, 15, 16, 18, 19, 20, 21, 23, 24, 31, 32, 33, 37, 39], "summary": {"covered_lines": 16, "num_statements": 23, "percent_covered": 69.56521739130434, "percent_covered_display": "70", "missing_lines": 7, "excluded_lines": 0, "percent_statements_covered": 69.56521739130434, "percent_statements_covered_display": "70"}, "missing_lines": [22, 25, 26, 27, 28, 30, 35], "excluded_lines": [], "start_line": 8}, "": {"executed_lines": [1, 3, 4, 8], "summary": {"covered_lines": 4, "num_statements": 6, "percent_covered": 66.66666666666667, "percent_covered_display": "67", "missing_lines": 2, "excluded_lines": 0, "percent_statements_covered": 66.66666666666667, "percent_statements_covered_display": "67"}, "missing_lines": [5, 6], "excluded_lines": [], "start_line": 1}}, "classes": {"": {"executed_lines": [1, 3, 4, 8, 12, 13, 14, 15, 16, 18, 19, 20, 21, 23, 24, 31, 32, 33, 37, 39], "summary": {"covered_lines": 20, "num_statements": 29, "percent_covered": 68.96551724137932, "percent_covered_display": "69", "missing_lines": 9, "excluded_lines": 0, "percent_statements_covered": 68.96551724137932, "percent_statements_covered_display": "69"}, "missing_lines": [5, 6, 22, 25, 26, 27, 28, 30, 35], "excluded_lines": [], "start_line": 1}}}, "rosetta/wrappers/__init__.py": {"executed_lines": [], "summary": {"covered_lines": 0, "num_statements": 0, "percent_covered": 100.0, "percent_covered_display": "100", "missing_lines": 0, "excluded_lines": 0, "percent_statements_covered": 100.0, "percent_statements_covered_display": "100"}, "missing_lines": [], "excluded_lines": [], "functions": {"": {"executed_lines": [], "summary": {"covered_lines": 0, "num_statements": 0, "percent_covered": 100.0, "percent_covered_display": "100", "missing_lines": 0, "excluded_lines": 0, "percent_statements_covered": 100.0, "percent_statements_covered_display": "100"}, "missing_lines": [], "excluded_lines": [], "start_line": 1}}, "classes": {"": {"executed_lines": [], "summary": {"covered_lines": 0, "num_statements": 0, "percent_covered": 100.0, "percent_covered_display": "100", "missing_lines": 0, "excluded_lines": 0, "percent_statements_covered": 100.0, "percent_statements_covered_display": "100"}, "missing_lines": [], "excluded_lines": [], "start_line": 1}}}, "rosetta/wrappers/clusterprofiler.py": {"executed_lines": [3, 4, 5, 6, 7, 8, 9, 12, 13, 14, 19, 25, 27, 28, 30, 32, 34, 35, 39, 45, 46, 47, 50, 51, 54, 55, 56, 57, 58, 62, 64, 65, 67, 69, 70, 74, 79, 80, 89, 90, 91, 93, 94, 95], "summary": {"covered_lines": 44, "num_statements": 48, "percent_covered": 91.66666666666667, "percent_covered_display": "92", "missin
[...]
statements": 7, "percent_covered": 100.0, "percent_covered_display": "100", "missing_lines": 0, "excluded_lines": 0, "percent_statements_covered": 100.0, "percent_statements_covered_display": "100"}, "missing_lines": [], "excluded_lines": [], "start_line": 74}, "": {"executed_lines": [3, 4, 5, 6, 7, 8, 9, 12, 13, 14, 15, 21, 29, 37, 39, 52, 66, 74], "summary": {"covered_lines": 18, "num_statements": 21, "percent_covered": 85.71428571428571, "percent_covered_display": "86", "missing_lines": 3, "excluded_lines": 0, "percent_statements_covered": 85.71428571428571, "percent_statements_covered_display": "86"}, "missing_lines": [17, 18, 19], "excluded_lines": [], "start_line": 1}}, "classes": {"Phyloseq": {"executed_lines": [40, 41, 42, 43, 45, 46, 47, 49, 50, 54, 55, 56, 57, 58, 59, 60, 61, 62, 63, 64, 68, 69, 70, 71, 72, 81, 83, 84, 85, 88, 89, 91], "summary": {"covered_lines": 32, "num_statements": 32, "percent_covered": 100.0, "percent_covered_display": "100", "missing_lines": 0, "excluded_lines": 0, "percent_statements_covered": 100.0, "percent_statements_covered_display": "100"}, "missing_lines": [], "excluded_lines": [], "start_line": 29}, "": {"executed_lines": [3, 4, 5, 6, 7, 8, 9, 12, 13, 14, 15, 21, 23, 24, 25, 26, 27, 29, 37, 39, 52, 66, 74], "summary": {"covered_lines": 23, "num_statements": 26, "percent_covered": 88.46153846153847, "percent_covered_display": "88", "missing_lines": 3, "excluded_lines": 0, "percent_statements_covered": 88.46153846153847, "percent_statements_covered_display": "88"}, "missing_lines": [17, 18, 19], "excluded_lines": [], "start_line": 1}}}, "rosetta/wrappers/seurat.py": {"executed_lines": [3, 4, 5, 6, 8, 9, 12, 13, 14, 15, 21, 23, 24, 25, 29, 32, 33, 34, 35, 36, 37, 38, 42, 46, 47, 48, 49, 50, 52, 53, 54, 55, 57, 59, 60, 63, 66, 67, 68, 69, 70, 71, 73, 74, 76, 77, 78, 79, 81, 83, 84, 85, 87, 89, 91, 93, 94, 95, 97, 99, 100, 101, 103, 104, 105, 106, 108, 110, 112, 113, 114, 115, 116, 117, 118, 119, 120, 122, 124, 125, 128, 129, 130, 131, 133, 136, 138, 139, 140, 141, 143], "summary": {"covered_lines": 91, "num_statements": 99, "percent_covered": 91.91919191919192, "percent_covered_display": "92", "missing_lines": 8, "excluded_lines": 0, "percent_statements_covered": 91.91919191919192, "percent_statements_covered_display": "92"}, "missing_lines": [17, 18, 19, 26, 27, 64, 126, 134], "excluded_lines": [], "functions": {"_seurat_available": {"executed_lines": [23, 24, 25], "summary": {"covered_lines": 3, "num_statements": 5, "percent_covered": 60.0, "percent_covered_display": "60", "missing_lines": 2, "excluded_lines": 0, "percent_statements_covered": 60.0, "percent_statements_covered_display": "60"}, "missing_lines": [26, 27], "excluded_lines": [], "start_line": 21}, "Seurat.__init__": {"executed_lines": [47, 48, 49, 50, 52, 53, 54, 55, 57, 59, 60], "summary": {"covered_lines": 11, "num_statements": 11, "percent_covered": 100.0, "percent_covered_display": "100", "missing_lines": 0, "excluded_lines": 0, "percent_statements_covered": 100.0, "percent_statements_covered_display": "100"}, "missing_lines": [], "excluded_lines": [], "start_line": 46}, "Seurat.run_umap": {"executed_lines": [], "summary": {"covered_lines": 0, "num_statements": 1, "percent_covered": 0.0, "percent_covered_display": "0", "missing_lines": 1, "excluded_lines": 0, "percent_statements_covered": 0.0, "percent_statements_covered_display": "0"}, "missing_lines": [64], "excluded_lines": [], "start_line": 63}, "Seurat.run_sctransform": {"executed_lines": [67, 68, 69, 70, 71], "summary": {"covered_lines": 5, "num_statements": 5, "percent_covered": 100.0, "percent_covered_display": "100", "missing_lines": 0, "excluded_lines": 0, "percent_statements_covered": 100.0, "percent_statements_covered_display": "100"}, "missing_lines": [], "excluded_lines": [], "start_line": 66}, "Seurat.run_normalize": {"executed_lines": [74], "summary": {"covered_lines": 1, "num_statements": 1, "percent_covered": 100.0, "percent_covered_display": "100", "missing_lines": 0, "excluded_lines": 0, "percent_statements_covered": 100.0, "percent_statements_covered_display": "100"}, "missing_lines": [], "excluded_lines": [], "start_line": 73}, "Seurat.run_find_variable_features": {"executed_lines": [77, 78, 79], "summary": {"covered_lines": 3, "num_statements": 3, "percent_covered": 100.0, "percent_covered_display": "100", "missing_lines": 0, "excluded_lines": 0, "percent_statements_covered": 100.0, "percent_statements_covered_display": "100"}, "missing_lines": [], "excluded_lines": [], "start_line": 76}, "Seurat.run_scale_data": {"executed_lines": [83, 84, 85], "summary": {"covered_lines": 3, "num_statements": 3, "percent_covered": 100.0, "percent_covered_display": "100", "missing_lines": 0, "excluded_lines": 0, "percent_statements_covered": 100.0, "percent_statements_covered_display": "100"}, "missing_lines": [], "excluded_lines": [], "start_line": 81}, "Seurat.run_pca": {"executed_lines": [89], "summary": {"covered_lines": 1, "num_statements": 1, "percent_covered": 100.0, "percent_covered_display": "100", "missing_lines": 0, "excluded_lines": 0, "percent_statements_covered": 100.0, "percent_statements_covered_display": "100"}, "missing_lines": [], "excluded_lines": [], "start_line": 87}, "Seurat.run_find_neighbors": {"executed_lines": [93, 94, 95], "summary": {"covered_lines": 3, "num_statements": 3, "percent_covered": 100.0, "percent_covered_display": "100", "missing_lines": 0, "excluded_lines": 0, "percent_statements_covered": 100.0, "percent_statements_covered_display": "100"}, "missing_lines": [], "excluded_lines": [], "start_line": 91}, "Seurat.run_find_clusters": {"executed_lines": [99, 100, 101], "summary": {"covered_lines": 3, "num_statements": 3, "percent_covered": 100.0, "percent_covered_display": "100", "missing_lines": 0, "excluded_lines": 0, "percent_statements_covered": 100.0, "percent_statements_covered_display": "100"}, "missing_lines": [], "excluded_lines": [], "start_line": 97}, "Seurat._create_object": {"executed_lines": [104, 105, 106], "summary": {"covered_lines": 3, "num_statements": 3, "percent_covered": 100.0, "percent_covered_display": "100", "missing_lines": 0, "excluded_lines": 0, "percent_statements_covered": 100.0, "percent_statements_covered_display": "100"}, "missing_lines": [], "excluded_lines": [], "start_line": 103}, "Seurat.run_standard_pipeline": {"executed_lines": [110, 112, 113, 114, 115, 116, 117, 118, 119, 120], "summary": {"covered_lines": 10, "num_statements": 10, "percent_covered": 100.0, "percent_covered_display": "100", "missing_lines": 0, "excluded_lines": 0, "percent_statements_covered": 100.0, "percent_statements_covered_display": "100"}, "missing_lines": [], "excluded_lines": [], "start_line": 108}, "Seurat.find_markers": {"executed_lines": [124, 125, 128, 129, 130, 131, 133], "summary": {"covered_lines": 7, "num_statements": 9, "percent_covered": 77.77777777777777, "percent_covered_display": "78", "missing_lines": 2, "excluded_lines": 0, "percent_statements_covered": 77.77777777777777, "percent_statements_covered_display": "78"}, "missing_lines": [126, 134], "excluded_lines": [], "start_line": 122}, "Seurat.get_results": {"executed_lines": [138, 139, 140, 141, 143], "summary": {"covered_lines": 5, "num_statements": 5, "percent_covered": 100.0, "percent_covered_display": "100", "missing_lines": 0, "excluded_lines": 0, "percent_statements_covered": 100.0, "percent_statements_covered_display": "100"}, "missing_lines": [], "excluded_lines": [], "start_line": 136}, "": {"executed_lines": [3, 4, 5, 6, 8, 9, 12, 13, 14, 15, 21, 29, 32, 33, 34, 35, 36, 37, 38, 42, 46, 63, 66, 73, 76, 81, 87, 91, 97, 103, 108, 122, 136], "summary": {"covered_lines": 33, "num_statements": 36, "percent_covered": 91.66666666666667, "percent_covered_display": "92", "missing_lines": 3, "excluded_lines": 0, "percent_statements_covered": 91.66666666666667, "percent_statements_covered_display": "92"}, "missing_lines": [17, 18, 19], "excluded_lines": [], "start_line": 1}}, "classes": {"Seurat": {"executed_lines": [47, 48, 49, 50, 52, 53, 54, 55, 57, 59, 60, 67, 68, 69, 70, 71, 74, 77, 78, 79, 83, 84, 85, 89, 93, 94, 95, 99, 100, 101, 104, 105, 106, 110, 112, 113, 114, 115, 116, 117, 118, 119, 120, 124, 125, 128, 129, 130, 131, 133, 138, 139, 140, 141, 143], "summary": {"covered_lines": 55, "num_statements": 58, "percent_covered": 94.82758620689656, "percent_covered_display": "95", "missing_lines": 3, "excluded_lines": 0, "percent_statements_covered": 94.82758620689656, "percent_statements_covered_display": "95"}, "missing_lines": [64, 126, 134], "excluded_lines": [], "start_line": 29}, "": {"executed_lines": [3, 4, 5, 6, 8, 9, 12, 13, 14, 15, 21, 23, 24, 25, 29, 32, 33, 34, 35, 36, 37, 38, 42, 46, 63, 66, 73, 76, 81, 87, 91, 97, 103, 108, 122, 136], "summary": {"covered_lines": 36, "num_statements": 41, "percent_covered": 87.8048780487805, "percent_covered_display": "88", "missing_lines": 5, "excluded_lines": 0, "percent_statements_covered": 87.8048780487805, "percent_statements_covered_display": "88"}, "missing_lines": [17, 18, 19, 26, 27], "excluded_lines": [], "start_line": 1}}}, "rosetta/wrappers/variant_annotation.py": {"executed_lines": [8, 9, 11, 12, 13, 14, 17, 18, 19, 20, 30, 45, 46, 47, 62, 114, 127, 128, 129, 157, 183, 208, 235, 285, 291, 292, 300, 306, 307, 315, 328, 339, 340], "summary": {"covered_lines": 33, "num_statements": 131, "percent_covered": 25.19083969465649, "percent_covered_display": "25", "missing_lines": 98, "excluded_lines": 0, "percent_statements_covered": 25.19083969465649, "percent_statements_covered_display": "25"}, "missing_lines": [22, 23, 24, 49, 50, 52, 53, 54, 55, 56, 58, 59, 74, 75, 77, 80, 81, 83, 109, 110, 111, 131, 132, 133, 135, 136, 137, 139, 140, 141, 143, 144, 146, 147, 148, 150, 170, 171, 172, 174, 175, 177, 178, 179, 180, 195, 196, 197, 199, 200, 202, 203, 204, 205, 220, 221, 223, 224, 227, 229, 245, 246, 248, 250, 251, 254, 255, 258, 259, 260, 261, 262, 263, 264, 266, 267, 268, 269, 270, 271, 272, 273, 275, 282, 293, 294, 295, 296, 297, 308, 309, 310, 311, 312, 345, 346, 347, 348], "excluded_lines": [], "functions": {"read_vcf": {"executed_lines": [45, 46, 47], "summary": {"covered_lines": 3, "num_statements": 12, "percent_covered": 25.0, "percent_covered_display": "25", "missing_lines": 9, "excluded_lines": 0, "percent_statements_covered": 25.0, "percent_statements_covered_display": "25"}, "missing_lines": [49, 50, 52, 53, 54, 55, 56, 58, 59], "excluded_lines": [], "start_line": 30}, "vcf_to_dataframe": {"executed_lines": [], "summary": {"covered_lines": 0, "num_statements": 9, "percent_covered": 0.0, "percent_covered_display": "0", "missing_lines": 9, "excluded_lines": 0, "percent_statements_covered": 0.0, "percent_statements_covered_display": "0"}, "missing_lines": [74, 75, 77, 80, 81, 83, 109, 110, 111], "excluded_lines": [], "start_line": 62}, "scan_vcf_header": {"executed_lines": [127, 128, 129], "summary": {"covered_lines": 3, "num_statements": 18, "percent_covered": 16.666666666666668, "percent_covered_display": "17", "missing_lines": 15, "excluded_lines": 0, "percent_statements_covered": 16.666666666666668, "percent_statements_covered_display": "17"}, "missing_lines": [131, 132, 133, 135, 136, 137, 139, 140, 141, 143, 144, 146, 147, 148, 150], "excluded_lines": [], "start_line": 114}, "locate_variants": {"executed_lines": [], "summary": {"covered_lines": 0, "num_statements": 9, "percent_covered": 0.0, "percent_covered_display": "0", "missing_lines": 9, "excluded_lines": 0, "percent_statements_covered": 0.0, "percent_statements_covered_display": "0"}, "missing_lines": [170, 171, 172, 174, 175, 177, 178, 179, 180], "excluded_lines": [], "start_line": 157}, "predict_coding": {"executed_lines": [], "summary": {"covered_lines": 0, "num_statements": 9, "percent_covered": 0.0, "percent_covered_display": "0", "missing_lines": 9, "excluded_lines": 0, "percent_statements_covered": 0.0, "percent_statements_covered_display": "0"}, "missing_lines": [195, 196, 197, 199, 200, 202, 203, 204, 205], "excluded_lines": [], "start_line": 183}, "write_vcf": {"executed_lines": [], "summary": {"covered_lines": 0, "num_statements": 6, "percent_covered": 0.0, "percent_covered_display": "0", "missing_lines": 6, "excluded_lines": 0, "percent_statements_covered": 0.0, "percent_statements_covered_display": "0"}, "missing_lines": [220, 221, 223, 224, 227, 229], "excluded_lines": [], "start_line": 208}, "_build_scan_param": {"executed_lines": [], "summary": {"covered_lines": 0, "num_statements": 24, "percent_covered": 0.0, "percent_covered_display": "0", "missing_lines": 24, "excluded_lines": 0, "percent_statements_covered": 0.0, "percent_statements_covered_display": "0"}, "missing_lines": [245, 246, 248, 250, 251, 254, 255, 258, 259, 260, 261, 262, 263, 264, 266, 267, 268, 269, 270, 271, 272, 273, 275, 282], "excluded_lines": [], "start_line": 235}, "_resolve_txdb": {"executed_lines": [291, 292], "summary": {"covered_lines": 2, "num_statements": 7, "percent_covered": 28.571428571428573, "percent_covered_display": "29", "missing_lines": 5, "excluded_lines": 0, "percent_statements_covered": 28.571428571428573, "percent_statements_covered_display": "29"}, "missing_lines": [293, 294, 295, 296, 297], "excluded_lines": [], "start_line": 285}, "_resolve_bsgenome": {"executed_lines": [306, 307], "summary": {"covered_lines": 2, "num_statements": 7, "percent_covered": 28.571428571428573, "percent_covered_display": "29", "missing_lines": 5, "excluded_lines": 0, "percent_statements_covered": 28.571428571428573, "percent_statements_covered_display": "29"}, "missing_lines": [308, 309, 310, 311, 312], "excluded_lines": [], "start_line": 300}, "_make_region": {"executed_lines": [328, 339, 340], "summary": {"covered_lines": 3, "num_statements": 7, "percent_covered": 42.857142857142854, "percent_covered_display": "43", "missing_lines": 4, "excluded_lines": 0, "percent_statements_covered": 42.857142857142854, "percent_statements_covered_display": "43"}, "missing_lines": [345, 346, 347, 348], "excluded_lines": [], "start_line": 315}, "": {"executed_lines": [8, 9, 11, 12, 13, 14, 17, 18, 19, 20, 30, 62, 114, 157, 183, 208, 235, 285, 300, 315], "summary": {"covered_lines": 20, "num_statements": 23, "percent_covered": 86.95652173913044, "percent_covered_display": "87", "missing_lines": 3, "excluded_lines": 0, "percent_statements_covered": 86.95652173913044, "percent_statements_covered_display": "87"}, "missing_lines": [22, 23, 24], "excluded_lines": [], "start_line": 1}}, "classes": {"": {"executed_lines": [8, 9, 11, 12, 13, 14, 17, 18, 19, 20, 30, 45, 46, 47, 62, 114, 127, 128, 129, 157, 183, 208, 235, 285, 291, 292, 300, 306, 307, 315, 328, 339, 340], "summary": {"covered_lines": 33, "num_statements": 131, "percent_covered": 25.19083969465649, "percent_covered_display": "25", "missing_lines": 98, "excluded_lines": 0, "percent_statements_covered": 25.19083969465649, "percent_statements_covered_display": "25"}, "missing_lines": [22, 23, 24, 49, 50, 52, 53, 54, 55, 56, 58, 59, 74, 75, 77, 80, 81, 83, 109, 110, 111, 131, 132, 133, 135, 136, 137, 139, 140, 141, 143, 144, 146, 147, 148, 150, 170, 171, 172, 174, 175, 177, 178, 179, 180, 195, 196, 197, 199, 200, 202, 203, 204, 205, 220, 221, 223, 224, 227, 229, 245, 246, 248, 250, 251, 254, 255, 258, 259, 260, 261, 262, 263, 264, 266, 267, 268, 269, 270, 271, 272, 273, 275, 282, 293, 294, 295, 296, 297, 308, 309, 310, 311, 312, 345, 346, 347, 348], "excluded_lines": [], "start_line": 1}}}, "rosetta/wrappers/vcf.py": {"executed_lines": [7, 9, 11, 13, 16, 25, 36, 37, 38, 48, 68, 90, 103, 113], "summary": {"covered_lines": 14, "num_statements": 64, "percent_covered": 21.875, "percent_covered_display": "22", "missing_lines": 50, "excluded_lines": 0, "percent_statements_covered": 21.875, "percent_statements_covered_display": "22"}, "missing_lines": [40, 42, 43, 44, 45, 46, 60, 62, 63, 65, 66, 80, 82, 83, 84, 85, 87, 88, 95, 96, 97, 98, 99, 101, 109, 111, 115, 116, 117, 119, 120, 121, 122, 123, 124, 125, 126, 128, 129, 130, 131, 132, 133, 134, 136, 138, 140, 141, 142, 144], "excluded_lines": [], "functions": {"VCF.__init__": {"executed_lines": [36, 37, 38], "summary": {"covered_lines": 3, "num_statements": 9, "percent_covered": 33.333333333333336, "percent_covered_display": "33", "missing_lines": 6, "excluded_lines": 0, "percent_statements_covered": 33.333333333333336, "percent_statements_covered_display": "33"}, "missing_lines": [40, 42, 43, 44, 45, 46], "excluded_lines": [], "start_line": 25}, "VCF.locate_variants": {"executed_lines": [], "summary": {"covered_lines": 0, "num_statements": 5, "percent_covered": 0.0, "percent_covered_display": "0", "missing_lines": 5, "excluded_lines": 0, "percent_statements_covered": 0.0, "percent_statements_covered_display": "0"}, "missing_lines": [60, 62, 63, 65, 66], "excluded_lines": [], "start_line": 48}, "VCF.predict_coding": {"executed_lines": [], "summary": {"covered_lines": 0, "num_statements": 7, "percent_covered": 0.0, "percent_covered_display": "0", "missing_lines": 7, "excluded_lines": 0, "percent_statements_covered": 0.0, "percent_statements_covered_display": "0"}, "missing_lines": [80, 82, 83, 84, 85, 87, 88], "excluded_lines": [], "start_line": 68}, "VCF.to_dataframe": {"executed_lines": [], "summary": {"covered_lines": 0, "num_statements": 6, "percent_covered": 0.0, "percent_covered_display": "0", "missing_lines": 6, "excluded_lines": 0, "percent_statements_covered": 0.0, "percent_statements_covered_display": "0"}, "missing_lines": [95, 96, 97, 98, 99, 101], "excluded_lines": [], "start_line": 90}, "VCF.header": {"executed_lines": [], "summary": {"covered_lines": 0, "num_statements": 2, "percent_covered": 0.0, "percent_covered_display": "0", "missing_lines": 2, "excluded_lines": 0, "percent_statements_covered": 0.0, "percent_statements_covered_display": "0"}, "missing_lines": [109, 111], "excluded_lines": [], "start_line": 103}, "VCF.report": {"executed_lines": [], "summary": {"covered_lines": 0, "num_statements": 24, "percent_covered": 0.0, "percent_covered_display": "0", "missing_lines": 24, "excluded_lines": 0, "percent_statements_covered": 0.0, "percent_statements_covered_display": "0"}, "missing_lines": [115, 116, 117, 119, 120, 121, 122, 123, 124, 125, 126, 128, 129, 130, 131, 132, 133, 134, 136, 138, 140, 141, 142, 144], "excluded_lines": [], "start_line": 113}, "": {"executed_lines": [7, 9, 11, 13, 16, 25, 48, 68, 90, 103, 113], "summary": {"covered_lines": 11, "num_statements": 11, "percent_covered": 100.0, "percent_covered_display": "100", "missing_lines": 0, "excluded_lines": 0, "percent_statements_covered": 100.0, "percent_statements_covered_display": "100"}, "missing_lines": [], "excluded_lines": [], "start_line": 1}}, "classes": {"VCF": {"executed_lines": [36, 37, 38], "summary": {"covered_lines": 3, "num_statements": 53, "percent_covered": 5.660377358490566, "percent_covered_display": "6", "missing_lines": 50, "excluded_lines": 0, "percent_statements_covered": 5.660377358490566, "percent_statements_covered_display": "6"}, "missing_lines": [40, 42, 43, 44, 45, 46, 60, 62, 63, 65, 66, 80, 82, 83, 84, 85, 87, 88, 95, 96, 97, 98, 99, 101, 109, 111, 115, 116, 117, 119, 120, 121, 122, 123, 124, 125, 126, 128, 129, 130, 131, 132, 133, 134, 136, 138, 140, 141, 142, 144], "excluded_lines": [], "start_line": 16}, "": {"executed_lines": [7, 9, 11, 13, 16, 25, 48, 68, 90, 103, 113], "summary": {"covered_lines": 11, "num_statements": 11, "percent_covered": 100.0, "percent_covered_display": "100", "missing_lines": 0, "excluded_lines": 0, "percent_statements_covered": 100.0, "percent_statements_covered_display": "100"}, "missing_lines": [], "excluded_lines": [], "start_line": 1}}}}, "totals": {"covered_lines": 1255, "num_statements": 1654, "percent_covered": 75.87666263603386, "percent_covered_display": "76", "missing_lines": 399, "excluded_lines": 6, "percent_statements_covered": 75.87666263603386, "percent_statements_covered_display": "76"}}